#
# There is insufficient memory for the Java Runtime Environment to continue.
# Native memory allocation (malloc) failed to allocate 1546256 bytes. Error detail: Chunk::new
# Possible reasons:
#   The system is out of physical RAM or swap space
#   This process is running with CompressedOops enabled, and the Java Heap may be blocking the growth of the native heap
# Possible solutions:
#   Reduce memory load on the system
#   Increase physical memory or swap space
#   Check if swap backing store is full
#   Decrease Java heap size (-Xmx/-Xms)
#   Decrease number of Java threads
#   Decrease Java thread stack sizes (-Xss)
#   Set larger code cache with -XX:ReservedCodeCacheSize=
#   JVM is running with Unscaled Compressed Oops mode in which the Java heap is
#     placed in the first 4GB address space. The Java Heap base address is the
#     maximum limit for the native heap growth. Please use -XX:HeapBaseMinAddress
#     to set the Java Heap base and to place the Java Heap above 4GB virtual address.
# This output file may be truncated or incomplete.
#
#  Out of Memory Error (arena.cpp:168), pid=14900, tid=11236
#
# JRE version: OpenJDK Runtime Environment Temurin-21.0.9+10 (21.0.9+10) (build 21.0.9+10-LTS)
# Java VM: OpenJDK 64-Bit Server VM Temurin-21.0.9+10 (21.0.9+10-LTS, mixed mode, sharing, tiered, compressed oops, compressed class ptrs, parallel gc, windows-amd64)
# No core dump will be written. Minidumps are not enabled by default on client versions of Windows
#

---------------  S U M M A R Y ------------

Command Line: --add-modules=ALL-SYSTEM --add-opens=java.base/java.util=ALL-UNNAMED --add-opens=java.base/java.lang=ALL-UNNAMED --add-opens=java.base/sun.nio.fs=ALL-UNNAMED -Declipse.application=org.eclipse.jdt.ls.core.id1 -Dosgi.bundles.defaultStartLevel=4 -Declipse.product=org.eclipse.jdt.ls.core.product -Djava.import.generatesMetadataFilesAtProjectRoot=false -DDetectVMInstallationsJob.disabled=true -Dfile.encoding=utf8 -XX:+UseParallelGC -XX:GCTimeRatio=4 -XX:AdaptiveSizePolicyWeight=90 -Dsun.zip.disableMemoryMapping=true -Xmx2G -Xms100m -Xlog:disable -javaagent:c:\Users\vegle\.vscode\extensions\redhat.java-1.50.0-win32-x64\lombok\lombok-1.18.39-4050.jar -XX:+HeapDumpOnOutOfMemoryError -XX:HeapDumpPath=c:\Users\vegle\AppData\Roaming\Code\User\workspaceStorage\3db52b309fb3a7cc6d07e0af6c755c07\redhat.java -Daether.dependencyCollector.impl=bf c:\Users\vegle\.vscode\extensions\redhat.java-1.50.0-win32-x64\server\plugins\org.eclipse.equinox.launcher_1.7.100.v20251111-0406.jar -configuration c:\Users\vegle\AppData\Roaming\Code\User\globalStorage\redhat.java\1.50.0\config_win -data c:\Users\vegle\AppData\Roaming\Code\User\workspaceStorage\3db52b309fb3a7cc6d07e0af6c755c07\redhat.java\jdt_ws --pipe=\\.\pipe\lsp-0273e92bde773789b24695c462d8b43b-sock

Host: AMD Ryzen 3 3250U with Radeon Graphics         , 4 cores, 3G,  Windows 11 , 64 bit Build 22621 (10.0.22621.5415)
Time: Tue Dec 16 09:12:33 2025 Hora estándar Montañas (México) elapsed time: 104.023855 seconds (0d 0h 1m 44s)

---------------  T H R E A D  ---------------

Current thread (0x0000016b4514acc0):  JavaThread "C2 CompilerThread0" daemon [_thread_in_native, id=11236, stack(0x0000001f10e00000,0x0000001f10f00000) (1024K)]


Current CompileTask:
C2:104024 8489   !   4       org.eclipse.jdt.internal.compiler.classfmt.ClassFileReader::<init> (1968 bytes)

Stack: [0x0000001f10e00000,0x0000001f10f00000]
Native frames: (J=compiled Java code, j=interpreted, Vv=VM code, C=native code)
V  [jvm.dll+0x6d6e29]
V  [jvm.dll+0x8b4b76]
V  [jvm.dll+0x8b712e]
V  [jvm.dll+0x8b7813]
V  [jvm.dll+0x283d86]
V  [jvm.dll+0xc66ed]
V  [jvm.dll+0xc6c31]
V  [jvm.dll+0x3be501]
V  [jvm.dll+0x38ab92]
V  [jvm.dll+0x389fda]
V  [jvm.dll+0x24bfa0]
V  [jvm.dll+0x24b580]
V  [jvm.dll+0x1cb13e]
V  [jvm.dll+0x25b29d]
V  [jvm.dll+0x25982a]
V  [jvm.dll+0x3f7ea6]
V  [jvm.dll+0x85e9ad]
V  [jvm.dll+0x6d565d]
C  [ucrtbase.dll+0x29333]
C  [KERNEL32.DLL+0x1259d]
C  [ntdll.dll+0x5af78]


---------------  P R O C E S S  ---------------

Threads class SMR info:
_java_thread_list=0x0000016b4cc0d5e0, length=37, elements={
0x0000016b6d6e6ff0, 0x0000016b45144400, 0x0000016b6d79d280, 0x0000016b45145f60,
0x0000016b45147120, 0x0000016b45148030, 0x0000016b45149c90, 0x0000016b4514acc0,
0x0000016b451bd0d0, 0x0000016b4a0e21e0, 0x0000016b4a2fee10, 0x0000016b4a345f10,
0x0000016b4a3f34b0, 0x0000016b4a102da0, 0x0000016b4a103400, 0x0000016b4a9cc800,
0x0000016b4a8e42b0, 0x0000016b4a476880, 0x0000016b4a474e40, 0x0000016b4a4775a0,
0x0000016b4a4754d0, 0x0000016b4a474120, 0x0000016b4a475b60, 0x0000016b4a4761f0,
0x0000016b4a4747b0, 0x0000016b4d5c8b20, 0x0000016b4d5c8490, 0x0000016b4d5c56a0,
0x0000016b4d5c42f0, 0x0000016b4d5c35d0, 0x0000016b4d5c5d30, 0x0000016b4d5c1b90,
0x0000016b4d5c3c60, 0x0000016b4d5c4980, 0x0000016b4d5c63c0, 0x0000016b4d5c2220,
0x0000016b4d5c5010
}

Java Threads: ( => current thread )
  0x0000016b6d6e6ff0 JavaThread "main"                              [_thread_blocked, id=4088, stack(0x0000001f10400000,0x0000001f10500000) (1024K)]
  0x0000016b45144400 JavaThread "Reference Handler"          daemon [_thread_blocked, id=10528, stack(0x0000001f10800000,0x0000001f10900000) (1024K)]
  0x0000016b6d79d280 JavaThread "Finalizer"                  daemon [_thread_blocked, id=14520, stack(0x0000001f10900000,0x0000001f10a00000) (1024K)]
  0x0000016b45145f60 JavaThread "Signal Dispatcher"          daemon [_thread_blocked, id=15016, stack(0x0000001f10a00000,0x0000001f10b00000) (1024K)]
  0x0000016b45147120 JavaThread "Attach Listener"            daemon [_thread_blocked, id=15652, stack(0x0000001f10b00000,0x0000001f10c00000) (1024K)]
  0x0000016b45148030 JavaThread "Service Thread"             daemon [_thread_blocked, id=14572, stack(0x0000001f10c00000,0x0000001f10d00000) (1024K)]
  0x0000016b45149c90 JavaThread "Monitor Deflation Thread"   daemon [_thread_blocked, id=13472, stack(0x0000001f10d00000,0x0000001f10e00000) (1024K)]
=>0x0000016b4514acc0 JavaThread "C2 CompilerThread0"         daemon [_thread_in_native, id=11236, stack(0x0000001f10e00000,0x0000001f10f00000) (1024K)]
  0x0000016b451bd0d0 JavaThread "C1 CompilerThread0"         daemon [_thread_blocked, id=8676, stack(0x0000001f10f00000,0x0000001f11000000) (1024K)]
  0x0000016b4a0e21e0 JavaThread "Common-Cleaner"             daemon [_thread_blocked, id=13724, stack(0x0000001f11000000,0x0000001f11100000) (1024K)]
  0x0000016b4a2fee10 JavaThread "Notification Thread"        daemon [_thread_blocked, id=8744, stack(0x0000001f11100000,0x0000001f11200000) (1024K)]
  0x0000016b4a345f10 JavaThread "Active Thread: Equinox Container: 91ddfe03-63ab-42e2-af34-2ff2255c1fb5"        [_thread_blocked, id=9820, stack(0x0000001f11500000,0x0000001f11600000) (1024K)]
  0x0000016b4a3f34b0 JavaThread "Refresh Thread: Equinox Container: 91ddfe03-63ab-42e2-af34-2ff2255c1fb5" daemon [_thread_blocked, id=16240, stack(0x0000001f11600000,0x0000001f11700000) (1024K)]
  0x0000016b4a102da0 JavaThread "Framework Event Dispatcher: Equinox Container: 91ddfe03-63ab-42e2-af34-2ff2255c1fb5" daemon [_thread_blocked, id=15616, stack(0x0000001f11700000,0x0000001f11800000) (1024K)]
  0x0000016b4a103400 JavaThread "Start Level: Equinox Container: 91ddfe03-63ab-42e2-af34-2ff2255c1fb5" daemon [_thread_blocked, id=15436, stack(0x0000001f11800000,0x0000001f11900000) (1024K)]
  0x0000016b4a9cc800 JavaThread "Bundle File Closer"         daemon [_thread_blocked, id=13204, stack(0x0000001f11900000,0x0000001f11a00000) (1024K)]
  0x0000016b4a8e42b0 JavaThread "SCR Component Actor"        daemon [_thread_blocked, id=13308, stack(0x0000001f11a00000,0x0000001f11b00000) (1024K)]
  0x0000016b4a476880 JavaThread "Worker-JM"                         [_thread_blocked, id=15596, stack(0x0000001f11b00000,0x0000001f11c00000) (1024K)]
  0x0000016b4a474e40 JavaThread "JNA Cleaner"                daemon [_thread_blocked, id=11428, stack(0x0000001f11c00000,0x0000001f11d00000) (1024K)]
  0x0000016b4a4775a0 JavaThread "Worker-0"                          [_thread_blocked, id=5332, stack(0x0000001f11d00000,0x0000001f11e00000) (1024K)]
  0x0000016b4a4754d0 JavaThread "Worker-1"                          [_thread_blocked, id=7476, stack(0x0000001f11e00000,0x0000001f11f00000) (1024K)]
  0x0000016b4a474120 JavaThread "Worker-2"                          [_thread_blocked, id=15324, stack(0x0000001f11f00000,0x0000001f12000000) (1024K)]
  0x0000016b4a475b60 JavaThread "Worker-3"                          [_thread_blocked, id=16300, stack(0x0000001f12000000,0x0000001f12100000) (1024K)]
  0x0000016b4a4761f0 JavaThread "Java indexing"              daemon [_thread_blocked, id=15544, stack(0x0000001f12100000,0x0000001f12200000) (1024K)]
  0x0000016b4a4747b0 JavaThread "Worker-4"                          [_thread_blocked, id=16164, stack(0x0000001f10200000,0x0000001f10300000) (1024K)]
  0x0000016b4d5c8b20 JavaThread "Worker-5"                          [_thread_blocked, id=14068, stack(0x0000001f12200000,0x0000001f12300000) (1024K)]
  0x0000016b4d5c8490 JavaThread "Thread-1"                   daemon [_thread_in_native, id=14592, stack(0x0000001f12300000,0x0000001f12400000) (1024K)]
  0x0000016b4d5c56a0 JavaThread "Thread-2"                   daemon [_thread_in_native, id=3868, stack(0x0000001f12400000,0x0000001f12500000) (1024K)]
  0x0000016b4d5c42f0 JavaThread "Thread-3"                   daemon [_thread_in_native, id=352, stack(0x0000001f12500000,0x0000001f12600000) (1024K)]
  0x0000016b4d5c35d0 JavaThread "Thread-4"                   daemon [_thread_in_native, id=6564, stack(0x0000001f12600000,0x0000001f12700000) (1024K)]
  0x0000016b4d5c5d30 JavaThread "Thread-5"                   daemon [_thread_in_native, id=14656, stack(0x0000001f12700000,0x0000001f12800000) (1024K)]
  0x0000016b4d5c1b90 JavaThread "pool-2-thread-1"                   [_thread_blocked, id=12796, stack(0x0000001f12800000,0x0000001f12900000) (1024K)]
  0x0000016b4d5c3c60 JavaThread "WorkspaceEventsHandler"            [_thread_blocked, id=13692, stack(0x0000001f12900000,0x0000001f12a00000) (1024K)]
  0x0000016b4d5c4980 JavaThread "pool-1-thread-1"                   [_thread_blocked, id=8296, stack(0x0000001f12a00000,0x0000001f12b00000) (1024K)]
  0x0000016b4d5c63c0 JavaThread "ForkJoinPool.commonPool-worker-1" daemon [_thread_in_native, id=16112, stack(0x0000001f12b00000,0x0000001f12c00000) (1024K)]
  0x0000016b4d5c2220 JavaThread "ForkJoinPool.commonPool-worker-2" daemon [_thread_in_Java, id=13700, stack(0x0000001f12c00000,0x0000001f12d00000) (1024K)]
  0x0000016b4d5c5010 JavaThread "ForkJoinPool.commonPool-worker-3" daemon [_thread_in_Java, id=13488, stack(0x0000001f12d00000,0x0000001f12e00000) (1024K)]
Total: 37

Other Threads:
  0x0000016b6d784620 VMThread "VM Thread"                           [id=5076, stack(0x0000001f10700000,0x0000001f10800000) (1024K)]
  0x0000016b6d752240 WatcherThread "VM Periodic Task Thread"        [id=13832, stack(0x0000001f10600000,0x0000001f10700000) (1024K)]
  0x0000016b6d706320 WorkerThread "GC Thread#0"                     [id=15488, stack(0x0000001f10500000,0x0000001f10600000) (1024K)]
  0x0000016b4a7828f0 WorkerThread "GC Thread#1"                     [id=13956, stack(0x0000001f11200000,0x0000001f11300000) (1024K)]
  0x0000016b4a782c90 WorkerThread "GC Thread#2"                     [id=13532, stack(0x0000001f11300000,0x0000001f11400000) (1024K)]
  0x0000016b4a7df9e0 WorkerThread "GC Thread#3"                     [id=13984, stack(0x0000001f11400000,0x0000001f11500000) (1024K)]
Total: 6

Threads with active compile tasks:
C2 CompilerThread0  104340 8489   !   4       org.eclipse.jdt.internal.compiler.classfmt.ClassFileReader::<init> (1968 bytes)
Total: 1

VM state: not at safepoint (normal execution)

VM Mutex/Monitor currently owned by a thread: None

Heap address: 0x0000000080000000, size: 2048 MB, Compressed Oops mode: 32-bit

CDS archive(s) mapped at: [0x0000016b04000000-0x0000016b04ba0000-0x0000016b04ba0000), size 12189696, SharedBaseAddress: 0x0000016b04000000, ArchiveRelocationMode: 1.
Compressed class space mapped at: 0x0000016b05000000-0x0000016b45000000, reserved size: 1073741824
Narrow klass base: 0x0000016b04000000, Narrow klass shift: 0, Narrow klass range: 0x100000000

GC Precious Log:
 CardTable entry size: 512
 CPUs: 4 total, 4 available
 Memory: 3499M
 Large Page Support: Disabled
 NUMA Support: Disabled
 Compressed Oops: Enabled (32-bit)
 Alignments: Space 512K, Generation 512K, Heap 2M
 Heap Min Capacity: 100M
 Heap Initial Capacity: 100M
 Heap Max Capacity: 2G
 Pre-touch: Disabled
 Parallel Workers: 4

Heap:
 PSYoungGen      total 32256K, used 31399K [0x00000000d5580000, 0x00000000d8680000, 0x0000000100000000)
  eden space 18432K, 96% used [0x00000000d5580000,0x00000000d66f0870,0x00000000d6780000)
  from space 13824K, 97% used [0x00000000d7900000,0x00000000d86393f0,0x00000000d8680000)
  to   space 14336K, 0% used [0x00000000d6a80000,0x00000000d6a80000,0x00000000d7880000)
 ParOldGen       total 103936K, used 103872K [0x0000000080000000, 0x0000000086580000, 0x00000000d5580000)
  object space 103936K, 99% used [0x0000000080000000,0x00000000865700e0,0x0000000086580000)
 Metaspace       used 60800K, committed 62272K, reserved 1114112K
  class space    used 6476K, committed 7104K, reserved 1048576K

Card table byte_map: [0x0000016b6d080000,0x0000016b6d490000] _byte_map_base: 0x0000016b6cc80000

Marking Bits: (ParMarkBitMap*) 0x00007ffd2cba2460
 Begin Bits: [0x0000016b00000000, 0x0000016b02000000)
 End Bits:   [0x0000016b02000000, 0x0000016b04000000)

Polling page: 0x0000016b6b3b0000

Metaspace:

Usage:
  Non-class:     53.05 MB used.
      Class:      6.32 MB used.
       Both:     59.38 MB used.

Virtual space:
  Non-class space:       64.00 MB reserved,      53.88 MB ( 84%) committed,  1 nodes.
      Class space:        1.00 GB reserved,       6.94 MB ( <1%) committed,  1 nodes.
             Both:        1.06 GB reserved,      60.81 MB (  6%) committed. 

Chunk freelists:
   Non-Class:  9.35 MB
       Class:  8.94 MB
        Both:  18.29 MB

MaxMetaspaceSize: unlimited
CompressedClassSpaceSize: 1.00 GB
Initial GC threshold: 21.00 MB
Current GC threshold: 97.31 MB
CDS: on
 - commit_granule_bytes: 65536.
 - commit_granule_words: 8192.
 - virtual_space_node_default_size: 8388608.
 - enlarge_chunks_in_place: 1.
 - use_allocation_guard: 0.


Internal statistics:

num_allocs_failed_limit: 11.
num_arena_births: 1002.
num_arena_deaths: 18.
num_vsnodes_births: 2.
num_vsnodes_deaths: 0.
num_space_committed: 973.
num_space_uncommitted: 0.
num_chunks_returned_to_freelist: 29.
num_chunks_taken_from_freelist: 3850.
num_chunk_merges: 16.
num_chunk_splits: 2343.
num_chunks_enlarged: 1309.
num_inconsistent_stats: 0.

CodeHeap 'non-profiled nmethods': size=120000Kb used=4806Kb max_used=4806Kb free=115193Kb
 bounds [0x0000016b783b0000, 0x0000016b78870000, 0x0000016b7f8e0000]
CodeHeap 'profiled nmethods': size=120000Kb used=16606Kb max_used=16606Kb free=103394Kb
 bounds [0x0000016b708e0000, 0x0000016b71920000, 0x0000016b77e10000]
CodeHeap 'non-nmethods': size=5760Kb used=1424Kb max_used=1468Kb free=4335Kb
 bounds [0x0000016b77e10000, 0x0000016b78080000, 0x0000016b783b0000]
CodeCache: size=245760Kb, used=22836Kb, max_used=22880Kb, free=222922Kb
 total_blobs=8445, nmethods=7706, adapters=645, full_count=0
Compilation: enabled, stopped_count=0, restarted_count=0

Compilation events (20 events):
Event: 103.463 Thread 0x0000016b451bd0d0 8515   !   3       org.eclipse.jdt.core.dom.AST::postValueChangeEvent (56 bytes)
Event: 103.537 Thread 0x0000016b451bd0d0 nmethod 8515 0x0000016b7190a690 code [0x0000016b7190a8c0, 0x0000016b7190b1f0]
Event: 103.537 Thread 0x0000016b451bd0d0 8516       3       org.eclipse.jdt.core.dom.NodeEventHandler::postValueChangeEvent (1 bytes)
Event: 103.538 Thread 0x0000016b451bd0d0 nmethod 8516 0x0000016b7190b690 code [0x0000016b7190b820, 0x0000016b7190b928]
Event: 103.541 Thread 0x0000016b451bd0d0 8518       3       java.util.AbstractList::add (11 bytes)
Event: 103.542 Thread 0x0000016b451bd0d0 nmethod 8518 0x0000016b7190b990 code [0x0000016b7190bb40, 0x0000016b7190bdf0]
Event: 103.542 Thread 0x0000016b451bd0d0 8519       3       org.eclipse.jdt.core.dom.ASTNode$NodeList::add (127 bytes)
Event: 103.543 Thread 0x0000016b451bd0d0 nmethod 8519 0x0000016b7190be90 code [0x0000016b7190c100, 0x0000016b7190c928]
Event: 103.544 Thread 0x0000016b451bd0d0 8521       3       org.eclipse.jdt.internal.compiler.util.HashtableOfObjectToTokenArray::put (104 bytes)
Event: 103.545 Thread 0x0000016b451bd0d0 nmethod 8521 0x0000016b7190cd10 code [0x0000016b7190cf40, 0x0000016b7190d848]
Event: 103.545 Thread 0x0000016b451bd0d0 8520  s    3       org.eclipse.jdt.core.dom.ASTNode$NodeList::updateCursors (54 bytes)
Event: 103.546 Thread 0x0000016b451bd0d0 nmethod 8520 0x0000016b7190db90 code [0x0000016b7190dda0, 0x0000016b7190e4b8]
Event: 103.727 Thread 0x0000016b451bd0d0 8522       3       org.eclipse.jdt.internal.compiler.lookup.AnnotatableTypeSystem::getParameterizedType (11 bytes)
Event: 103.727 Thread 0x0000016b451bd0d0 nmethod 8522 0x0000016b7190e690 code [0x0000016b7190e840, 0x0000016b7190e9a0]
Event: 103.727 Thread 0x0000016b451bd0d0 8523       3       org.eclipse.jdt.internal.compiler.lookup.AnnotatableTypeSystem::getParameterizedType (123 bytes)
Event: 103.728 Thread 0x0000016b451bd0d0 nmethod 8523 0x0000016b7190ea90 code [0x0000016b7190ed00, 0x0000016b7190f5e8]
Event: 103.728 Thread 0x0000016b451bd0d0 8524       3       org.eclipse.jdt.internal.compiler.classfmt.NonNullDefaultAwareTypeAnnotationWalker::updateWalkerForParamNonNullDefault (151 bytes)
Event: 103.729 Thread 0x0000016b451bd0d0 nmethod 8524 0x0000016b7190f910 code [0x0000016b7190fbc0, 0x0000016b71910ac8]
Event: 103.730 Thread 0x0000016b451bd0d0 8525       3       org.eclipse.jdt.internal.compiler.lookup.UnresolvedReferenceBinding::resolve (281 bytes)
Event: 103.732 Thread 0x0000016b451bd0d0 nmethod 8525 0x0000016b71910f10 code [0x0000016b71911220, 0x0000016b719122e0]

GC Heap History (20 events):
Event: 86.541 GC heap before
{Heap before GC invocations=30 (full 2):
 PSYoungGen      total 24064K, used 23352K [0x00000000d5580000, 0x00000000d7180000, 0x0000000100000000)
  eden space 21504K, 100% used [0x00000000d5580000,0x00000000d6a80000,0x00000000d6a80000)
  from space 2560K, 72% used [0x00000000d6c80000,0x00000000d6e4e2e8,0x00000000d6f00000)
  to   space 2560K, 0% used [0x00000000d6f00000,0x00000000d6f00000,0x00000000d7180000)
 ParOldGen       total 68608K, used 40973K [0x0000000080000000, 0x0000000084300000, 0x00000000d5580000)
  object space 68608K, 59% used [0x0000000080000000,0x0000000082803468,0x0000000084300000)
 Metaspace       used 51909K, committed 53056K, reserved 1114112K
  class space    used 5601K, committed 6144K, reserved 1048576K
}
Event: 86.611 GC heap after
{Heap after GC invocations=30 (full 2):
 PSYoungGen      total 22528K, used 927K [0x00000000d5580000, 0x00000000d7000000, 0x0000000100000000)
  eden space 21504K, 0% used [0x00000000d5580000,0x00000000d5580000,0x00000000d6a80000)
  from space 1024K, 90% used [0x00000000d6f00000,0x00000000d6fe7e68,0x00000000d7000000)
  to   space 1536K, 0% used [0x00000000d6d00000,0x00000000d6d00000,0x00000000d6e80000)
 ParOldGen       total 68608K, used 41721K [0x0000000080000000, 0x0000000084300000, 0x00000000d5580000)
  object space 68608K, 60% used [0x0000000080000000,0x00000000828be6d0,0x0000000084300000)
 Metaspace       used 51909K, committed 53056K, reserved 1114112K
  class space    used 5601K, committed 6144K, reserved 1048576K
}
Event: 88.518 GC heap before
{Heap before GC invocations=31 (full 2):
 PSYoungGen      total 22528K, used 22431K [0x00000000d5580000, 0x00000000d7000000, 0x0000000100000000)
  eden space 21504K, 100% used [0x00000000d5580000,0x00000000d6a80000,0x00000000d6a80000)
  from space 1024K, 90% used [0x00000000d6f00000,0x00000000d6fe7e68,0x00000000d7000000)
  to   space 1536K, 0% used [0x00000000d6d00000,0x00000000d6d00000,0x00000000d6e80000)
 ParOldGen       total 68608K, used 41721K [0x0000000080000000, 0x0000000084300000, 0x00000000d5580000)
  object space 68608K, 60% used [0x0000000080000000,0x00000000828be6d0,0x0000000084300000)
 Metaspace       used 54365K, committed 55680K, reserved 1114112K
  class space    used 5859K, committed 6464K, reserved 1048576K
}
Event: 88.520 GC heap after
{Heap after GC invocations=31 (full 2):
 PSYoungGen      total 23040K, used 768K [0x00000000d5580000, 0x00000000d6f80000, 0x0000000100000000)
  eden space 21504K, 0% used [0x00000000d5580000,0x00000000d5580000,0x00000000d6a80000)
  from space 1536K, 50% used [0x00000000d6d00000,0x00000000d6dc0040,0x00000000d6e80000)
  to   space 1024K, 0% used [0x00000000d6e80000,0x00000000d6e80000,0x00000000d6f80000)
 ParOldGen       total 68608K, used 41737K [0x0000000080000000, 0x0000000084300000, 0x00000000d5580000)
  object space 68608K, 60% used [0x0000000080000000,0x00000000828c26d0,0x0000000084300000)
 Metaspace       used 54365K, committed 55680K, reserved 1114112K
  class space    used 5859K, committed 6464K, reserved 1048576K
}
Event: 92.324 GC heap before
{Heap before GC invocations=32 (full 2):
 PSYoungGen      total 23040K, used 22272K [0x00000000d5580000, 0x00000000d6f80000, 0x0000000100000000)
  eden space 21504K, 100% used [0x00000000d5580000,0x00000000d6a80000,0x00000000d6a80000)
  from space 1536K, 50% used [0x00000000d6d00000,0x00000000d6dc0040,0x00000000d6e80000)
  to   space 1024K, 0% used [0x00000000d6e80000,0x00000000d6e80000,0x00000000d6f80000)
 ParOldGen       total 68608K, used 41737K [0x0000000080000000, 0x0000000084300000, 0x00000000d5580000)
  object space 68608K, 60% used [0x0000000080000000,0x00000000828c26d0,0x0000000084300000)
 Metaspace       used 56958K, committed 58304K, reserved 1114112K
  class space    used 6110K, committed 6720K, reserved 1048576K
}
Event: 92.333 GC heap after
{Heap after GC invocations=32 (full 2):
 PSYoungGen      total 22528K, used 1008K [0x00000000d5580000, 0x00000000d6f80000, 0x0000000100000000)
  eden space 21504K, 0% used [0x00000000d5580000,0x00000000d5580000,0x00000000d6a80000)
  from space 1024K, 98% used [0x00000000d6e80000,0x00000000d6f7c060,0x00000000d6f80000)
  to   space 2560K, 0% used [0x00000000d6a80000,0x00000000d6a80000,0x00000000d6d00000)
 ParOldGen       total 68608K, used 42999K [0x0000000080000000, 0x0000000084300000, 0x00000000d5580000)
  object space 68608K, 62% used [0x0000000080000000,0x00000000829fdd88,0x0000000084300000)
 Metaspace       used 56958K, committed 58304K, reserved 1114112K
  class space    used 6110K, committed 6720K, reserved 1048576K
}
Event: 93.951 GC heap before
{Heap before GC invocations=33 (full 2):
 PSYoungGen      total 22528K, used 18377K [0x00000000d5580000, 0x00000000d6f80000, 0x0000000100000000)
  eden space 21504K, 80% used [0x00000000d5580000,0x00000000d6676648,0x00000000d6a80000)
  from space 1024K, 98% used [0x00000000d6e80000,0x00000000d6f7c060,0x00000000d6f80000)
  to   space 2560K, 0% used [0x00000000d6a80000,0x00000000d6a80000,0x00000000d6d00000)
 ParOldGen       total 68608K, used 42999K [0x0000000080000000, 0x0000000084300000, 0x00000000d5580000)
  object space 68608K, 62% used [0x0000000080000000,0x00000000829fdd88,0x0000000084300000)
 Metaspace       used 58411K, committed 59776K, reserved 1114112K
  class space    used 6265K, committed 6912K, reserved 1048576K
}
Event: 93.962 GC heap after
{Heap after GC invocations=33 (full 2):
 PSYoungGen      total 24064K, used 2552K [0x00000000d5580000, 0x00000000d7680000, 0x0000000100000000)
  eden space 21504K, 0% used [0x00000000d5580000,0x00000000d5580000,0x00000000d6a80000)
  from space 2560K, 99% used [0x00000000d6a80000,0x00000000d6cfe308,0x00000000d6d00000)
  to   space 6144K, 0% used [0x00000000d7080000,0x00000000d7080000,0x00000000d7680000)
 ParOldGen       total 68608K, used 45610K [0x0000000080000000, 0x0000000084300000, 0x00000000d5580000)
  object space 68608K, 66% used [0x0000000080000000,0x0000000082c8ab60,0x0000000084300000)
 Metaspace       used 58411K, committed 59776K, reserved 1114112K
  class space    used 6265K, committed 6912K, reserved 1048576K
}
Event: 93.962 GC heap before
{Heap before GC invocations=34 (full 3):
 PSYoungGen      total 24064K, used 2552K [0x00000000d5580000, 0x00000000d7680000, 0x0000000100000000)
  eden space 21504K, 0% used [0x00000000d5580000,0x00000000d5580000,0x00000000d6a80000)
  from space 2560K, 99% used [0x00000000d6a80000,0x00000000d6cfe308,0x00000000d6d00000)
  to   space 6144K, 0% used [0x00000000d7080000,0x00000000d7080000,0x00000000d7680000)
 ParOldGen       total 68608K, used 45610K [0x0000000080000000, 0x0000000084300000, 0x00000000d5580000)
  object space 68608K, 66% used [0x0000000080000000,0x0000000082c8ab60,0x0000000084300000)
 Metaspace       used 58411K, committed 59776K, reserved 1114112K
  class space    used 6265K, committed 6912K, reserved 1048576K
}
Event: 94.997 GC heap after
{Heap after GC invocations=34 (full 3):
 PSYoungGen      total 24064K, used 0K [0x00000000d5580000, 0x00000000d7680000, 0x0000000100000000)
  eden space 21504K, 0% used [0x00000000d5580000,0x00000000d5580000,0x00000000d6a80000)
  from space 2560K, 0% used [0x00000000d6a80000,0x00000000d6a80000,0x00000000d6d00000)
  to   space 6144K, 0% used [0x00000000d7080000,0x00000000d7080000,0x00000000d7680000)
 ParOldGen       total 68608K, used 41318K [0x0000000080000000, 0x0000000084300000, 0x00000000d5580000)
  object space 68608K, 60% used [0x0000000080000000,0x00000000828599f0,0x0000000084300000)
 Metaspace       used 58407K, committed 59776K, reserved 1114112K
  class space    used 6264K, committed 6912K, reserved 1048576K
}
Event: 98.987 GC heap before
{Heap before GC invocations=35 (full 3):
 PSYoungGen      total 24064K, used 20380K [0x00000000d5580000, 0x00000000d7680000, 0x0000000100000000)
  eden space 21504K, 94% used [0x00000000d5580000,0x00000000d69670f8,0x00000000d6a80000)
  from space 2560K, 0% used [0x00000000d6a80000,0x00000000d6a80000,0x00000000d6d00000)
  to   space 6144K, 0% used [0x00000000d7080000,0x00000000d7080000,0x00000000d7680000)
 ParOldGen       total 68608K, used 41318K [0x0000000080000000, 0x0000000084300000, 0x00000000d5580000)
  object space 68608K, 60% used [0x0000000080000000,0x00000000828599f0,0x0000000084300000)
 Metaspace       used 59836K, committed 61184K, reserved 1114112K
  class space    used 6411K, committed 6976K, reserved 1048576K
}
Event: 99.000 GC heap after
{Heap after GC invocations=35 (full 3):
 PSYoungGen      total 25600K, used 3691K [0x00000000d5580000, 0x00000000d7480000, 0x0000000100000000)
  eden space 21504K, 0% used [0x00000000d5580000,0x00000000d5580000,0x00000000d6a80000)
  from space 4096K, 90% used [0x00000000d7080000,0x00000000d741ace0,0x00000000d7480000)
  to   space 4608K, 0% used [0x00000000d6b80000,0x00000000d6b80000,0x00000000d7000000)
 ParOldGen       total 68608K, used 41326K [0x0000000080000000, 0x0000000084300000, 0x00000000d5580000)
  object space 68608K, 60% used [0x0000000080000000,0x000000008285b9f0,0x0000000084300000)
 Metaspace       used 59836K, committed 61184K, reserved 1114112K
  class space    used 6411K, committed 6976K, reserved 1048576K
}
Event: 99.759 GC heap before
{Heap before GC invocations=36 (full 3):
 PSYoungGen      total 25600K, used 19591K [0x00000000d5580000, 0x00000000d7480000, 0x0000000100000000)
  eden space 21504K, 73% used [0x00000000d5580000,0x00000000d65071c0,0x00000000d6a80000)
  from space 4096K, 90% used [0x00000000d7080000,0x00000000d741ace0,0x00000000d7480000)
  to   space 4608K, 0% used [0x00000000d6b80000,0x00000000d6b80000,0x00000000d7000000)
 ParOldGen       total 68608K, used 41326K [0x0000000080000000, 0x0000000084300000, 0x00000000d5580000)
  object space 68608K, 60% used [0x0000000080000000,0x000000008285b9f0,0x0000000084300000)
 Metaspace       used 59990K, committed 61376K, reserved 1114112K
  class space    used 6423K, committed 7040K, reserved 1048576K
}
Event: 99.773 GC heap after
{Heap after GC invocations=36 (full 3):
 PSYoungGen      total 24576K, used 2993K [0x00000000d5580000, 0x00000000d7180000, 0x0000000100000000)
  eden space 21504K, 0% used [0x00000000d5580000,0x00000000d5580000,0x00000000d6a80000)
  from space 3072K, 97% used [0x00000000d6b80000,0x00000000d6e6c4d8,0x00000000d6e80000)
  to   space 3072K, 0% used [0x00000000d6e80000,0x00000000d6e80000,0x00000000d7180000)
 ParOldGen       total 68608K, used 47274K [0x0000000080000000, 0x0000000084300000, 0x00000000d5580000)
  object space 68608K, 68% used [0x0000000080000000,0x0000000082e2a838,0x0000000084300000)
 Metaspace       used 59990K, committed 61376K, reserved 1114112K
  class space    used 6423K, committed 7040K, reserved 1048576K
}
Event: 100.911 GC heap before
{Heap before GC invocations=37 (full 3):
 PSYoungGen      total 24576K, used 24497K [0x00000000d5580000, 0x00000000d7180000, 0x0000000100000000)
  eden space 21504K, 100% used [0x00000000d5580000,0x00000000d6a80000,0x00000000d6a80000)
  from space 3072K, 97% used [0x00000000d6b80000,0x00000000d6e6c4d8,0x00000000d6e80000)
  to   space 3072K, 0% used [0x00000000d6e80000,0x00000000d6e80000,0x00000000d7180000)
 ParOldGen       total 91136K, used 84612K [0x0000000080000000, 0x0000000085900000, 0x00000000d5580000)
  object space 91136K, 92% used [0x0000000080000000,0x00000000852a1388,0x0000000085900000)
 Metaspace       used 60285K, committed 61696K, reserved 1114112K
  class space    used 6447K, committed 7040K, reserved 1048576K
}
Event: 101.008 GC heap after
{Heap after GC invocations=37 (full 3):
 PSYoungGen      total 21504K, used 3058K [0x00000000d5580000, 0x00000000d7880000, 0x0000000100000000)
  eden space 18432K, 0% used [0x00000000d5580000,0x00000000d5580000,0x00000000d6780000)
  from space 3072K, 99% used [0x00000000d6e80000,0x00000000d717c9b0,0x00000000d7180000)
  to   space 7168K, 0% used [0x00000000d6780000,0x00000000d6780000,0x00000000d6e80000)
 ParOldGen       total 91136K, used 88099K [0x0000000080000000, 0x0000000085900000, 0x00000000d5580000)
  object space 91136K, 96% used [0x0000000080000000,0x0000000085608fd8,0x0000000085900000)
 Metaspace       used 60285K, committed 61696K, reserved 1114112K
  class space    used 6447K, committed 7040K, reserved 1048576K
}
Event: 101.275 GC heap before
{Heap before GC invocations=38 (full 3):
 PSYoungGen      total 21504K, used 21490K [0x00000000d5580000, 0x00000000d7880000, 0x0000000100000000)
  eden space 18432K, 100% used [0x00000000d5580000,0x00000000d6780000,0x00000000d6780000)
  from space 3072K, 99% used [0x00000000d6e80000,0x00000000d717c9b0,0x00000000d7180000)
  to   space 7168K, 0% used [0x00000000d6780000,0x00000000d6780000,0x00000000d6e80000)
 ParOldGen       total 91136K, used 88099K [0x0000000080000000, 0x0000000085900000, 0x00000000d5580000)
  object space 91136K, 96% used [0x0000000080000000,0x0000000085608fd8,0x0000000085900000)
 Metaspace       used 60410K, committed 61824K, reserved 1114112K
  class space    used 6449K, committed 7040K, reserved 1048576K
}
Event: 101.363 GC heap after
{Heap after GC invocations=38 (full 3):
 PSYoungGen      total 25600K, used 7168K [0x00000000d5580000, 0x00000000d8a80000, 0x0000000100000000)
  eden space 18432K, 0% used [0x00000000d5580000,0x00000000d5580000,0x00000000d6780000)
  from space 7168K, 100% used [0x00000000d6780000,0x00000000d6e80000,0x00000000d6e80000)
  to   space 17920K, 0% used [0x00000000d7900000,0x00000000d7900000,0x00000000d8a80000)
 ParOldGen       total 96768K, used 96728K [0x0000000080000000, 0x0000000085e80000, 0x00000000d5580000)
  object space 96768K, 99% used [0x0000000080000000,0x0000000085e760e0,0x0000000085e80000)
 Metaspace       used 60410K, committed 61824K, reserved 1114112K
  class space    used 6449K, committed 7040K, reserved 1048576K
}
Event: 101.572 GC heap before
{Heap before GC invocations=39 (full 3):
 PSYoungGen      total 25600K, used 25600K [0x00000000d5580000, 0x00000000d8a80000, 0x0000000100000000)
  eden space 18432K, 100% used [0x00000000d5580000,0x00000000d6780000,0x00000000d6780000)
  from space 7168K, 100% used [0x00000000d6780000,0x00000000d6e80000,0x00000000d6e80000)
  to   space 17920K, 0% used [0x00000000d7900000,0x00000000d7900000,0x00000000d8a80000)
 ParOldGen       total 96768K, used 96728K [0x0000000080000000, 0x0000000085e80000, 0x00000000d5580000)
  object space 96768K, 99% used [0x0000000080000000,0x0000000085e760e0,0x0000000085e80000)
 Metaspace       used 60429K, committed 61824K, reserved 1114112K
  class space    used 6451K, committed 7040K, reserved 1048576K
}
Event: 101.646 GC heap after
{Heap after GC invocations=39 (full 3):
 PSYoungGen      total 32256K, used 13540K [0x00000000d5580000, 0x00000000d8680000, 0x0000000100000000)
  eden space 18432K, 0% used [0x00000000d5580000,0x00000000d5580000,0x00000000d6780000)
  from space 13824K, 97% used [0x00000000d7900000,0x00000000d86393f0,0x00000000d8680000)
  to   space 14336K, 0% used [0x00000000d6a80000,0x00000000d6a80000,0x00000000d7880000)
 ParOldGen       total 103936K, used 103872K [0x0000000080000000, 0x0000000086580000, 0x00000000d5580000)
  object space 103936K, 99% used [0x0000000080000000,0x00000000865700e0,0x0000000086580000)
 Metaspace       used 60429K, committed 61824K, reserved 1114112K
  class space    used 6451K, committed 7040K, reserved 1048576K
}

Dll operation events (10 events):
Event: 0.098 Loaded shared library c:\Users\vegle\.vscode\extensions\redhat.java-1.50.0-win32-x64\jre\21.0.9-win32-x86_64\bin\java.dll
Event: 0.552 Loaded shared library c:\Users\vegle\.vscode\extensions\redhat.java-1.50.0-win32-x64\jre\21.0.9-win32-x86_64\bin\zip.dll
Event: 0.722 Loaded shared library C:\Users\vegle\.vscode\extensions\redhat.java-1.50.0-win32-x64\jre\21.0.9-win32-x86_64\bin\instrument.dll
Event: 0.751 Loaded shared library C:\Users\vegle\.vscode\extensions\redhat.java-1.50.0-win32-x64\jre\21.0.9-win32-x86_64\bin\net.dll
Event: 0.758 Loaded shared library C:\Users\vegle\.vscode\extensions\redhat.java-1.50.0-win32-x64\jre\21.0.9-win32-x86_64\bin\nio.dll
Event: 0.767 Loaded shared library C:\Users\vegle\.vscode\extensions\redhat.java-1.50.0-win32-x64\jre\21.0.9-win32-x86_64\bin\zip.dll
Event: 0.853 Loaded shared library C:\Users\vegle\.vscode\extensions\redhat.java-1.50.0-win32-x64\jre\21.0.9-win32-x86_64\bin\jimage.dll
Event: 1.326 Loaded shared library c:\Users\vegle\.vscode\extensions\redhat.java-1.50.0-win32-x64\jre\21.0.9-win32-x86_64\bin\verify.dll
Event: 11.489 Loaded shared library C:\Users\vegle\AppData\Roaming\Code\User\globalStorage\redhat.java\1.50.0\config_win\org.eclipse.equinox.launcher\org.eclipse.equinox.launcher.win32.win32.x86_64_1.2.1400.v20250801-0854\eclipse_11916.dll
Event: 36.482 Loaded shared library C:\Users\vegle\AppData\Local\Temp\jna-112086801\jna5314367319026286353.dll

Deoptimization events (20 events):
Event: 103.192 Thread 0x0000016b4d5c5010 Uncommon trap: trap_request=0xffffffc6 fr.pc=0x0000016b787fd88c relative=0x000000000000484c
Event: 103.192 Thread 0x0000016b4d5c5010 Uncommon trap: reason=bimorphic_or_optimized_type_check action=maybe_recompile pc=0x0000016b787fd88c method=org.eclipse.jdt.internal.compiler.lookup.BinaryTypeBinding.createMethod(Lorg/eclipse/jdt/internal/compiler/env/IBinaryMethod;Lorg/eclipse/jdt/inter
Event: 103.192 Thread 0x0000016b4d5c5010 DEOPT PACKING pc=0x0000016b787fd88c sp=0x0000001f12dfdf80
Event: 103.192 Thread 0x0000016b4d5c5010 DEOPT UNPACKING pc=0x0000016b77e63aa2 sp=0x0000001f12dfdf08 mode 2
Event: 103.195 Thread 0x0000016b4d5c5010 DEOPT PACKING pc=0x0000016b716b1e62 sp=0x0000001f12dfddb0
Event: 103.195 Thread 0x0000016b4d5c5010 DEOPT UNPACKING pc=0x0000016b77e64242 sp=0x0000001f12dfd328 mode 0
Event: 103.439 Thread 0x0000016b4d5c5010 DEOPT PACKING pc=0x0000016b70c735a2 sp=0x0000001f12dfcf80
Event: 103.439 Thread 0x0000016b4d5c5010 DEOPT UNPACKING pc=0x0000016b77e64242 sp=0x0000001f12dfc3a8 mode 0
Event: 103.728 Thread 0x0000016b4d5c5010 Uncommon trap: trap_request=0xffffff45 fr.pc=0x0000016b7885de4c relative=0x000000000000178c
Event: 103.728 Thread 0x0000016b4d5c5010 Uncommon trap: reason=unstable_if action=reinterpret pc=0x0000016b7885de4c method=org.eclipse.jdt.internal.compiler.lookup.LookupEnvironment.getCachedType0([[C)Lorg/eclipse/jdt/internal/compiler/lookup/ReferenceBinding; @ 80 c2
Event: 103.728 Thread 0x0000016b4d5c5010 DEOPT PACKING pc=0x0000016b7885de4c sp=0x0000001f12dfdb20
Event: 103.728 Thread 0x0000016b4d5c5010 DEOPT UNPACKING pc=0x0000016b77e63aa2 sp=0x0000001f12dfdab8 mode 2
Event: 103.730 Thread 0x0000016b4d5c5010 Uncommon trap: trap_request=0xffffffc6 fr.pc=0x0000016b787fd88c relative=0x000000000000484c
Event: 103.730 Thread 0x0000016b4d5c5010 Uncommon trap: reason=bimorphic_or_optimized_type_check action=maybe_recompile pc=0x0000016b787fd88c method=org.eclipse.jdt.internal.compiler.lookup.BinaryTypeBinding.createMethod(Lorg/eclipse/jdt/internal/compiler/env/IBinaryMethod;Lorg/eclipse/jdt/inter
Event: 103.730 Thread 0x0000016b4d5c5010 DEOPT PACKING pc=0x0000016b787fd88c sp=0x0000001f12dfde50
Event: 103.730 Thread 0x0000016b4d5c5010 DEOPT UNPACKING pc=0x0000016b77e63aa2 sp=0x0000001f12dfddd8 mode 2
Event: 103.730 Thread 0x0000016b4d5c5010 Uncommon trap: trap_request=0xffffffc6 fr.pc=0x0000016b787fd88c relative=0x000000000000484c
Event: 103.730 Thread 0x0000016b4d5c5010 Uncommon trap: reason=bimorphic_or_optimized_type_check action=maybe_recompile pc=0x0000016b787fd88c method=org.eclipse.jdt.internal.compiler.lookup.BinaryTypeBinding.createMethod(Lorg/eclipse/jdt/internal/compiler/env/IBinaryMethod;Lorg/eclipse/jdt/inter
Event: 103.730 Thread 0x0000016b4d5c5010 DEOPT PACKING pc=0x0000016b787fd88c sp=0x0000001f12dfde50
Event: 103.730 Thread 0x0000016b4d5c5010 DEOPT UNPACKING pc=0x0000016b77e63aa2 sp=0x0000001f12dfddd8 mode 2

Classes loaded (20 events):
Event: 98.972 Loading class com/sun/crypto/provider/FeedbackCipher done
Event: 98.972 Loading class com/sun/crypto/provider/ElectronicCodeBook done
Event: 98.974 Loading class com/sun/crypto/provider/PKCS5Padding
Event: 98.975 Loading class com/sun/crypto/provider/Padding
Event: 98.975 Loading class com/sun/crypto/provider/Padding done
Event: 98.976 Loading class com/sun/crypto/provider/PKCS5Padding done
Event: 98.976 Loading class com/sun/crypto/provider/CipherBlockChaining
Event: 98.976 Loading class com/sun/crypto/provider/CipherBlockChaining done
Event: 98.978 Loading class javax/crypto/NullCipher
Event: 98.986 Loading class javax/crypto/NullCipher done
Event: 99.001 Loading class sun/security/util/ArrayUtil
Event: 99.003 Loading class sun/security/util/ArrayUtil done
Event: 99.331 Loading class java/util/zip/CheckedInputStream
Event: 99.332 Loading class java/util/zip/CheckedInputStream done
Event: 99.871 Loading class java/util/LinkedList$LLSpliterator
Event: 99.884 Loading class java/util/LinkedList$LLSpliterator done
Event: 100.027 Loading class javax/xml/transform/TransformerConfigurationException
Event: 100.080 Loading class javax/xml/transform/TransformerConfigurationException done
Event: 100.294 Loading class java/util/zip/GZIPInputStream$1
Event: 100.428 Loading class java/util/zip/GZIPInputStream$1 done

Classes unloaded (9 events):
Event: 46.263 Thread 0x0000016b6d784620 Unloading class 0x0000016b051a4000 'java/lang/invoke/LambdaForm$MH+0x0000016b051a4000'
Event: 46.263 Thread 0x0000016b6d784620 Unloading class 0x0000016b051a3c00 'java/lang/invoke/LambdaForm$MH+0x0000016b051a3c00'
Event: 46.263 Thread 0x0000016b6d784620 Unloading class 0x0000016b051a3800 'java/lang/invoke/LambdaForm$MH+0x0000016b051a3800'
Event: 46.263 Thread 0x0000016b6d784620 Unloading class 0x0000016b051a3400 'java/lang/invoke/LambdaForm$MH+0x0000016b051a3400'
Event: 46.263 Thread 0x0000016b6d784620 Unloading class 0x0000016b051a3000 'java/lang/invoke/LambdaForm$BMH+0x0000016b051a3000'
Event: 46.263 Thread 0x0000016b6d784620 Unloading class 0x0000016b051a2c00 'java/lang/invoke/LambdaForm$DMH+0x0000016b051a2c00'
Event: 46.263 Thread 0x0000016b6d784620 Unloading class 0x0000016b051a1800 'java/lang/invoke/LambdaForm$DMH+0x0000016b051a1800'
Event: 94.066 Thread 0x0000016b6d784620 Unloading class 0x0000016b056d0800 'java/lang/invoke/LambdaForm$MH+0x0000016b056d0800'
Event: 94.066 Thread 0x0000016b6d784620 Unloading class 0x0000016b056d0000 'java/lang/invoke/LambdaForm$MH+0x0000016b056d0000'

Classes redefined (0 events):
No events

Internal exceptions (20 events):
Event: 99.620 Thread 0x0000016b4d5c2220 Exception <a 'java/lang/NullPointerException'{0x00000000d60d79e8}> (0x00000000d60d79e8) 
thrown [s\src\hotspot\share\interpreter\linkResolver.cpp, line 1372]
Event: 99.621 Thread 0x0000016b4d5c2220 Exception <a 'java/lang/NullPointerException'{0x00000000d60d8530}> (0x00000000d60d8530) 
thrown [s\src\hotspot\share\interpreter\linkResolver.cpp, line 1372]
Event: 99.621 Thread 0x0000016b4d5c2220 Exception <a 'java/lang/NullPointerException'{0x00000000d60d8d48}> (0x00000000d60d8d48) 
thrown [s\src\hotspot\share\interpreter\linkResolver.cpp, line 1372]
Event: 99.720 Thread 0x0000016b4d5c63c0 Exception <a 'java/lang/NullPointerException'{0x00000000d5eeb740}> (0x00000000d5eeb740) 
thrown [s\src\hotspot\share\interpreter\linkResolver.cpp, line 1372]
Event: 99.800 Thread 0x0000016b4d5c63c0 Exception <a 'java/lang/NullPointerException'{0x00000000d5d025e8}> (0x00000000d5d025e8) 
thrown [s\src\hotspot\share\interpreter\linkResolver.cpp, line 1372]
Event: 99.802 Thread 0x0000016b4d5c63c0 Exception <a 'java/lang/NullPointerException'{0x00000000d5d04c98}> (0x00000000d5d04c98) 
thrown [s\src\hotspot\share\interpreter\linkResolver.cpp, line 1372]
Event: 99.802 Thread 0x0000016b4d5c63c0 Exception <a 'java/lang/NullPointerException'{0x00000000d5d05358}> (0x00000000d5d05358) 
thrown [s\src\hotspot\share\interpreter\linkResolver.cpp, line 1372]
Event: 99.802 Thread 0x0000016b4d5c63c0 Exception <a 'java/lang/NullPointerException'{0x00000000d5d05a10}> (0x00000000d5d05a10) 
thrown [s\src\hotspot\share\interpreter\linkResolver.cpp, line 1372]
Event: 99.802 Thread 0x0000016b4d5c63c0 Exception <a 'java/lang/NullPointerException'{0x00000000d5d060c8}> (0x00000000d5d060c8) 
thrown [s\src\hotspot\share\interpreter\linkResolver.cpp, line 1372]
Event: 99.818 Thread 0x0000016b4d5c63c0 Exception <a 'java/lang/NullPointerException'{0x00000000d5d0c050}> (0x00000000d5d0c050) 
thrown [s\src\hotspot\share\interpreter\linkResolver.cpp, line 1372]
Event: 99.818 Thread 0x0000016b4d5c63c0 Exception <a 'java/lang/NullPointerException'{0x00000000d5d0c740}> (0x00000000d5d0c740) 
thrown [s\src\hotspot\share\interpreter\linkResolver.cpp, line 1372]
Event: 101.405 Thread 0x0000016b4d5c5010 Exception <a 'java/lang/NullPointerException'{0x00000000d5873ce8}> (0x00000000d5873ce8) 
thrown [s\src\hotspot\share\interpreter\linkResolver.cpp, line 1372]
Event: 101.405 Thread 0x0000016b4d5c5010 Exception <a 'java/lang/NullPointerException'{0x00000000d58744b8}> (0x00000000d58744b8) 
thrown [s\src\hotspot\share\interpreter\linkResolver.cpp, line 1372]
Event: 101.405 Thread 0x0000016b4d5c5010 Exception <a 'java/lang/NullPointerException'{0x00000000d5874e88}> (0x00000000d5874e88) 
thrown [s\src\hotspot\share\interpreter\linkResolver.cpp, line 1372]
Event: 101.409 Thread 0x0000016b4d5c5010 Exception <a 'java/lang/NullPointerException'{0x00000000d5875698}> (0x00000000d5875698) 
thrown [s\src\hotspot\share\interpreter\linkResolver.cpp, line 1372]
Event: 103.290 Thread 0x0000016b4d5c5010 Exception <a 'java/lang/NullPointerException'{0x00000000d656d758}> (0x00000000d656d758) 
thrown [s\src\hotspot\share\interpreter\linkResolver.cpp, line 1372]
Event: 103.290 Thread 0x0000016b4d5c5010 Exception <a 'java/lang/NullPointerException'{0x00000000d656df28}> (0x00000000d656df28) 
thrown [s\src\hotspot\share\interpreter\linkResolver.cpp, line 1372]
Event: 103.290 Thread 0x0000016b4d5c5010 Exception <a 'java/lang/NullPointerException'{0x00000000d656e8f8}> (0x00000000d656e8f8) 
thrown [s\src\hotspot\share\interpreter\linkResolver.cpp, line 1372]
Event: 103.290 Thread 0x0000016b4d5c5010 Exception <a 'java/lang/NullPointerException'{0x00000000d656f108}> (0x00000000d656f108) 
thrown [s\src\hotspot\share\interpreter\linkResolver.cpp, line 1372]
Event: 103.728 Thread 0x0000016b4d5c5010 Implicit null exception at 0x0000016b7885cbcd to 0x0000016b7885de3c

ZGC Phase Switch (0 events):
No events

VM Operations (20 events):
Event: 98.987 Executing VM operation: ParallelGCFailedAllocation (Allocation Failure)
Event: 99.000 Executing VM operation: ParallelGCFailedAllocation (Allocation Failure) done
Event: 99.730 Executing VM operation: ParallelGCFailedAllocation (Allocation Failure)
Event: 99.774 Executing VM operation: ParallelGCFailedAllocation (Allocation Failure) done
Event: 100.776 Executing VM operation: Cleanup
Event: 100.847 Executing VM operation: Cleanup done
Event: 100.850 Executing VM operation: HandshakeAllThreads (Deoptimize)
Event: 100.879 Executing VM operation: HandshakeAllThreads (Deoptimize) done
Event: 100.911 Executing VM operation: ParallelGCFailedAllocation (Allocation Failure)
Event: 101.008 Executing VM operation: ParallelGCFailedAllocation (Allocation Failure) done
Event: 101.034 Executing VM operation: HandshakeAllThreads (Deoptimize)
Event: 101.034 Executing VM operation: HandshakeAllThreads (Deoptimize) done
Event: 101.216 Executing VM operation: ParallelGCFailedAllocation (Allocation Failure)
Event: 101.387 Executing VM operation: ParallelGCFailedAllocation (Allocation Failure) done
Event: 101.487 Executing VM operation: ParallelGCFailedAllocation (Allocation Failure)
Event: 101.647 Executing VM operation: ParallelGCFailedAllocation (Allocation Failure) done
Event: 102.651 Executing VM operation: Cleanup
Event: 102.746 Executing VM operation: Cleanup done
Event: 102.912 Executing VM operation: HandshakeAllThreads (Deoptimize)
Event: 103.074 Executing VM operation: HandshakeAllThreads (Deoptimize) done

Memory protections (0 events):
No events

Nmethod flushes (20 events):
Event: 94.292 Thread 0x0000016b6d784620 flushing  nmethod 0x0000016b711a9590
Event: 94.292 Thread 0x0000016b6d784620 flushing  nmethod 0x0000016b711aa890
Event: 94.292 Thread 0x0000016b6d784620 flushing  nmethod 0x0000016b711b4f90
Event: 94.292 Thread 0x0000016b6d784620 flushing  nmethod 0x0000016b711b8e90
Event: 94.292 Thread 0x0000016b6d784620 flushing osr nmethod 0x0000016b711bc610
Event: 94.292 Thread 0x0000016b6d784620 flushing  nmethod 0x0000016b711cd810
Event: 94.292 Thread 0x0000016b6d784620 flushing  nmethod 0x0000016b711d3f90
Event: 94.292 Thread 0x0000016b6d784620 flushing  nmethod 0x0000016b711fa210
Event: 94.292 Thread 0x0000016b6d784620 flushing  nmethod 0x0000016b711fda10
Event: 94.292 Thread 0x0000016b6d784620 flushing  nmethod 0x0000016b71202a90
Event: 94.292 Thread 0x0000016b6d784620 flushing  nmethod 0x0000016b71226790
Event: 94.293 Thread 0x0000016b6d784620 flushing  nmethod 0x0000016b7125ea90
Event: 94.293 Thread 0x0000016b6d784620 flushing  nmethod 0x0000016b7125f090
Event: 94.293 Thread 0x0000016b6d784620 flushing  nmethod 0x0000016b7125f410
Event: 94.293 Thread 0x0000016b6d784620 flushing  nmethod 0x0000016b7125f990
Event: 94.293 Thread 0x0000016b6d784620 flushing  nmethod 0x0000016b71260a10
Event: 94.293 Thread 0x0000016b6d784620 flushing  nmethod 0x0000016b71261e90
Event: 94.293 Thread 0x0000016b6d784620 flushing  nmethod 0x0000016b71296810
Event: 94.293 Thread 0x0000016b6d784620 flushing  nmethod 0x0000016b71298090
Event: 94.293 Thread 0x0000016b6d784620 flushing  nmethod 0x0000016b7129cf10

Events (20 events):
Event: 37.846 Thread 0x0000016b4a103400 Thread added: 0x0000016b4a4775a0
Event: 38.809 Thread 0x0000016b4a4775a0 Thread added: 0x0000016b4a4754d0
Event: 47.987 Thread 0x0000016b4a4754d0 Thread added: 0x0000016b4a474120
Event: 48.148 Thread 0x0000016b4a474120 Thread added: 0x0000016b4a475b60
Event: 56.190 Thread 0x0000016b4a103400 Thread added: 0x0000016b4a4761f0
Event: 62.791 Thread 0x0000016b4a475b60 Thread added: 0x0000016b4a4747b0
Event: 63.007 Thread 0x0000016b4a4747b0 Thread added: 0x0000016b4d5c8b20
Event: 64.307 Thread 0x0000016b6d6e6ff0 Thread added: 0x0000016b4d5c8490
Event: 64.345 Thread 0x0000016b6d6e6ff0 Thread added: 0x0000016b4d5c56a0
Event: 64.346 Thread 0x0000016b6d6e6ff0 Thread added: 0x0000016b4d5c42f0
Event: 64.346 Thread 0x0000016b6d6e6ff0 Thread added: 0x0000016b4d5c35d0
Event: 64.347 Thread 0x0000016b6d6e6ff0 Thread added: 0x0000016b4d5c5d30
Event: 64.584 Thread 0x0000016b6d6e6ff0 Thread added: 0x0000016b4d5c1b90
Event: 66.511 Thread 0x0000016b6d6e6ff0 Thread added: 0x0000016b4d5c3c60
Event: 66.511 Thread 0x0000016b6d6e6ff0 Thread added: 0x0000016b4d5c4980
Event: 90.840 Thread 0x0000016b4d5c4980 Thread added: 0x0000016b4d5c63c0
Event: 91.092 Thread 0x0000016b4d5c4980 Thread added: 0x0000016b4d5c2220
Event: 91.154 Thread 0x0000016b4d5c4980 Thread added: 0x0000016b4d5c5010
Event: 95.551 Thread 0x0000016b4d5c5010 Thread added: 0x0000016b4d5c28b0
Event: 101.862 Thread 0x0000016b4d5c28b0 Thread exited: 0x0000016b4d5c28b0


Dynamic libraries:
0x00007ff779a50000 - 0x00007ff779a5e000 	c:\Users\vegle\.vscode\extensions\redhat.java-1.50.0-win32-x64\jre\21.0.9-win32-x86_64\bin\java.exe
0x00007ffd96470000 - 0x00007ffd96688000 	C:\WINDOWS\SYSTEM32\ntdll.dll
0x00007ffd57400000 - 0x00007ffd57420000 	C:\Program Files\Avast Software\Avast\aswhook.dll
0x00007ffd958c0000 - 0x00007ffd95984000 	C:\WINDOWS\System32\KERNEL32.DLL
0x00007ffd93c50000 - 0x00007ffd94023000 	C:\WINDOWS\System32\KERNELBASE.dll
0x00007ffd93b30000 - 0x00007ffd93c41000 	C:\WINDOWS\System32\ucrtbase.dll
0x00007ffd59ce0000 - 0x00007ffd59cf8000 	c:\Users\vegle\.vscode\extensions\redhat.java-1.50.0-win32-x64\jre\21.0.9-win32-x86_64\bin\jli.dll
0x00007ffd95590000 - 0x00007ffd95742000 	C:\WINDOWS\System32\USER32.dll
0x00007ffd940e0000 - 0x00007ffd94106000 	C:\WINDOWS\System32\win32u.dll
0x00007ffd95c10000 - 0x00007ffd95c39000 	C:\WINDOWS\System32\GDI32.dll
0x00007ffd93a10000 - 0x00007ffd93b2b000 	C:\WINDOWS\System32\gdi32full.dll
0x00007ffd93970000 - 0x00007ffd93a0a000 	C:\WINDOWS\System32\msvcp_win.dll
0x00007ffd667d0000 - 0x00007ffd667ee000 	c:\Users\vegle\.vscode\extensions\redhat.java-1.50.0-win32-x64\jre\21.0.9-win32-x86_64\bin\VCRUNTIME140.dll
0x00007ffd63990000 - 0x00007ffd63c2c000 	C:\WINDOWS\WinSxS\amd64_microsoft.windows.common-controls_6595b64144ccf1df_6.0.22621.6060_none_2712eda17382d24b\COMCTL32.dll
0x00007ffd95810000 - 0x00007ffd958b7000 	C:\WINDOWS\System32\msvcrt.dll
0x00007ffd94e40000 - 0x00007ffd94e71000 	C:\WINDOWS\System32\IMM32.DLL
0x00007ffd66aa0000 - 0x00007ffd66aac000 	c:\Users\vegle\.vscode\extensions\redhat.java-1.50.0-win32-x64\jre\21.0.9-win32-x86_64\bin\vcruntime140_1.dll
0x00007ffd36b40000 - 0x00007ffd36bcd000 	c:\Users\vegle\.vscode\extensions\redhat.java-1.50.0-win32-x64\jre\21.0.9-win32-x86_64\bin\msvcp140.dll
0x00007ffd2bee0000 - 0x00007ffd2cc80000 	c:\Users\vegle\.vscode\extensions\redhat.java-1.50.0-win32-x64\jre\21.0.9-win32-x86_64\bin\server\jvm.dll
0x00007ffd95b50000 - 0x00007ffd95c01000 	C:\WINDOWS\System32\ADVAPI32.dll
0x00007ffd95750000 - 0x00007ffd957f8000 	C:\WINDOWS\System32\sechost.dll
0x00007ffd94030000 - 0x00007ffd94058000 	C:\WINDOWS\System32\bcrypt.dll
0x00007ffd94fe0000 - 0x00007ffd950f8000 	C:\WINDOWS\System32\RPCRT4.dll
0x00007ffd94f10000 - 0x00007ffd94f81000 	C:\WINDOWS\System32\WS2_32.dll
0x00007ffd93450000 - 0x00007ffd9349d000 	C:\WINDOWS\SYSTEM32\POWRPROF.dll
0x00007ffd8db80000 - 0x00007ffd8dbb4000 	C:\WINDOWS\SYSTEM32\WINMM.dll
0x00007ffd88bf0000 - 0x00007ffd88bfa000 	C:\WINDOWS\SYSTEM32\VERSION.dll
0x00007ffd93430000 - 0x00007ffd93443000 	C:\WINDOWS\SYSTEM32\UMPDC.dll
0x00007ffd92520000 - 0x00007ffd92538000 	C:\WINDOWS\SYSTEM32\kernel.appcore.dll
0x00007ffd5ff50000 - 0x00007ffd5ff5a000 	c:\Users\vegle\.vscode\extensions\redhat.java-1.50.0-win32-x64\jre\21.0.9-win32-x86_64\bin\jimage.dll
0x00007ffd91010000 - 0x00007ffd91243000 	C:\WINDOWS\SYSTEM32\DBGHELP.DLL
0x00007ffd95f70000 - 0x00007ffd96301000 	C:\WINDOWS\System32\combase.dll
0x00007ffd95c40000 - 0x00007ffd95d18000 	C:\WINDOWS\System32\OLEAUT32.dll
0x00007ffd86240000 - 0x00007ffd86272000 	C:\WINDOWS\SYSTEM32\dbgcore.DLL
0x00007ffd94060000 - 0x00007ffd940db000 	C:\WINDOWS\System32\bcryptPrimitives.dll
0x00007ffd5fde0000 - 0x00007ffd5fdef000 	c:\Users\vegle\.vscode\extensions\redhat.java-1.50.0-win32-x64\jre\21.0.9-win32-x86_64\bin\instrument.dll
0x00007ffd58f70000 - 0x00007ffd58f90000 	c:\Users\vegle\.vscode\extensions\redhat.java-1.50.0-win32-x64\jre\21.0.9-win32-x86_64\bin\java.dll
0x00007ffd94200000 - 0x00007ffd94a9c000 	C:\WINDOWS\System32\SHELL32.dll
0x00007ffd93830000 - 0x00007ffd9396f000 	C:\WINDOWS\System32\wintypes.dll
0x00007ffd91430000 - 0x00007ffd91d4a000 	C:\WINDOWS\SYSTEM32\windows.storage.dll
0x00007ffd96310000 - 0x00007ffd96414000 	C:\WINDOWS\System32\SHCORE.dll
0x00007ffd95f00000 - 0x00007ffd95f69000 	C:\WINDOWS\System32\shlwapi.dll
0x00007ffd934b0000 - 0x00007ffd934d5000 	C:\WINDOWS\SYSTEM32\profapi.dll
0x00007ffd54670000 - 0x00007ffd54688000 	c:\Users\vegle\.vscode\extensions\redhat.java-1.50.0-win32-x64\jre\21.0.9-win32-x86_64\bin\zip.dll
0x00007ffd59c50000 - 0x00007ffd59c60000 	C:\Users\vegle\.vscode\extensions\redhat.java-1.50.0-win32-x64\jre\21.0.9-win32-x86_64\bin\net.dll
0x00007ffd8c2c0000 - 0x00007ffd8c3ec000 	C:\WINDOWS\SYSTEM32\WINHTTP.dll
0x00007ffd929f0000 - 0x00007ffd92a59000 	C:\WINDOWS\system32\mswsock.dll
0x00007ffd48950000 - 0x00007ffd48966000 	C:\Users\vegle\.vscode\extensions\redhat.java-1.50.0-win32-x64\jre\21.0.9-win32-x86_64\bin\nio.dll
0x00007ffd599f0000 - 0x00007ffd59a00000 	c:\Users\vegle\.vscode\extensions\redhat.java-1.50.0-win32-x64\jre\21.0.9-win32-x86_64\bin\verify.dll
0x00007ffd45b10000 - 0x00007ffd45b54000 	C:\Users\vegle\AppData\Roaming\Code\User\globalStorage\redhat.java\1.50.0\config_win\org.eclipse.equinox.launcher\org.eclipse.equinox.launcher.win32.win32.x86_64_1.2.1400.v20250801-0854\eclipse_11916.dll
0x00007ffd94aa0000 - 0x00007ffd94c41000 	C:\WINDOWS\System32\ole32.dll
0x00007ffd92c80000 - 0x00007ffd92c9b000 	C:\WINDOWS\SYSTEM32\CRYPTSP.dll
0x00007ffd92480000 - 0x00007ffd924b7000 	C:\WINDOWS\system32\rsaenh.dll
0x00007ffd92ac0000 - 0x00007ffd92ae8000 	C:\WINDOWS\SYSTEM32\USERENV.dll
0x00007ffd92c70000 - 0x00007ffd92c7c000 	C:\WINDOWS\SYSTEM32\CRYPTBASE.dll
0x00007ffd91fb0000 - 0x00007ffd91fdd000 	C:\WINDOWS\SYSTEM32\IPHLPAPI.DLL
0x00007ffd94c70000 - 0x00007ffd94c79000 	C:\WINDOWS\System32\NSI.dll
0x00007ffd589b0000 - 0x00007ffd589f9000 	C:\Users\vegle\AppData\Local\Temp\jna-112086801\jna5314367319026286353.dll
0x00007ffd95800000 - 0x00007ffd95808000 	C:\WINDOWS\System32\PSAPI.DLL
0x00007ffd8c4b0000 - 0x00007ffd8c4c9000 	C:\WINDOWS\SYSTEM32\dhcpcsvc6.DLL
0x00007ffd8c1d0000 - 0x00007ffd8c1ef000 	C:\WINDOWS\SYSTEM32\dhcpcsvc.DLL

JVMTI agents:
c:\Users\vegle\.vscode\extensions\redhat.java-1.50.0-win32-x64\lombok\lombok-1.18.39-4050.jar path:c:\Users\vegle\.vscode\extensions\redhat.java-1.50.0-win32-x64\jre\21.0.9-win32-x86_64\bin\instrument.dll, loaded, initialized, instrumentlib options:none

dbghelp: loaded successfully - version: 4.0.5 - missing functions: none
symbol engine: initialized successfully - sym options: 0x614 - pdb path: .;c:\Users\vegle\.vscode\extensions\redhat.java-1.50.0-win32-x64\jre\21.0.9-win32-x86_64\bin;C:\WINDOWS\SYSTEM32;C:\Program Files\Avast Software\Avast;C:\WINDOWS\WinSxS\amd64_microsoft.windows.common-controls_6595b64144ccf1df_6.0.22621.6060_none_2712eda17382d24b;c:\Users\vegle\.vscode\extensions\redhat.java-1.50.0-win32-x64\jre\21.0.9-win32-x86_64\bin\server;C:\Users\vegle\AppData\Roaming\Code\User\globalStorage\redhat.java\1.50.0\config_win\org.eclipse.equinox.launcher\org.eclipse.equinox.launcher.win32.win32.x86_64_1.2.1400.v20250801-0854;C:\Users\vegle\AppData\Local\Temp\jna-112086801

VM Arguments:
jvm_args: --add-modules=ALL-SYSTEM --add-opens=java.base/java.util=ALL-UNNAMED --add-opens=java.base/java.lang=ALL-UNNAMED --add-opens=java.base/sun.nio.fs=ALL-UNNAMED -Declipse.application=org.eclipse.jdt.ls.core.id1 -Dosgi.bundles.defaultStartLevel=4 -Declipse.product=org.eclipse.jdt.ls.core.product -Djava.import.generatesMetadataFilesAtProjectRoot=false -DDetectVMInstallationsJob.disabled=true -Dfile.encoding=utf8 -XX:+UseParallelGC -XX:GCTimeRatio=4 -XX:AdaptiveSizePolicyWeight=90 -Dsun.zip.disableMemoryMapping=true -Xmx2G -Xms100m -Xlog:disable -javaagent:c:\Users\vegle\.vscode\extensions\redhat.java-1.50.0-win32-x64\lombok\lombok-1.18.39-4050.jar -XX:+HeapDumpOnOutOfMemoryError -XX:HeapDumpPath=c:\Users\vegle\AppData\Roaming\Code\User\workspaceStorage\3db52b309fb3a7cc6d07e0af6c755c07\redhat.java -Daether.dependencyCollector.impl=bf 
java_command: c:\Users\vegle\.vscode\extensions\redhat.java-1.50.0-win32-x64\server\plugins\org.eclipse.equinox.launcher_1.7.100.v20251111-0406.jar -configuration c:\Users\vegle\AppData\Roaming\Code\User\globalStorage\redhat.java\1.50.0\config_win -data c:\Users\vegle\AppData\Roaming\Code\User\workspaceStorage\3db52b309fb3a7cc6d07e0af6c755c07\redhat.java\jdt_ws --pipe=\\.\pipe\lsp-0273e92bde773789b24695c462d8b43b-sock
java_class_path (initial): c:\Users\vegle\.vscode\extensions\redhat.java-1.50.0-win32-x64\server\plugins\org.eclipse.equinox.launcher_1.7.100.v20251111-0406.jar
Launcher Type: SUN_STANDARD

[Global flags]
    uintx AdaptiveSizePolicyWeight                 = 90                                        {product} {command line}
     intx CICompilerCount                          = 3                                         {product} {ergonomic}
    uintx GCTimeRatio                              = 4                                         {product} {command line}
     bool HeapDumpOnOutOfMemoryError               = true                                   {manageable} {command line}
    ccstr HeapDumpPath                             = c:\Users\vegle\AppData\Roaming\Code\User\workspaceStorage\3db52b309fb3a7cc6d07e0af6c755c07\redhat.java         {manageable} {command line}
   size_t InitialHeapSize                          = 104857600                                 {product} {command line}
   size_t MaxHeapSize                              = 2147483648                                {product} {command line}
   size_t MaxNewSize                               = 715653120                                 {product} {ergonomic}
   size_t MinHeapDeltaBytes                        = 524288                                    {product} {ergonomic}
   size_t MinHeapSize                              = 104857600                                 {product} {command line}
   size_t NewSize                                  = 34603008                                  {product} {ergonomic}
    uintx NonNMethodCodeHeapSize                   = 5832780                                {pd product} {ergonomic}
    uintx NonProfiledCodeHeapSize                  = 122912730                              {pd product} {ergonomic}
   size_t OldSize                                  = 70254592                                  {product} {ergonomic}
    uintx ProfiledCodeHeapSize                     = 122912730                              {pd product} {ergonomic}
    uintx ReservedCodeCacheSize                    = 251658240                              {pd product} {ergonomic}
     bool SegmentedCodeCache                       = true                                      {product} {ergonomic}
   size_t SoftMaxHeapSize                          = 2147483648                             {manageable} {ergonomic}
     bool UseCompressedOops                        = true                           {product lp64_product} {ergonomic}
     bool UseLargePagesIndividualAllocation        = false                                  {pd product} {ergonomic}
     bool UseParallelGC                            = true                                      {product} {command line}

Logging:
Log output configuration:
 #0: stdout all=off uptime,level,tags foldmultilines=false
 #1: stderr all=off uptime,level,tags foldmultilines=false

Release file:
JAVA_VERSION="21.0.9" 
MODULES="java.base java.compiler java.datatransfer java.xml java.prefs java.desktop java.instrument java.logging java.management java.security.sasl java.naming java.rmi java.management.rmi java.net.http java.scripting java.security.jgss java.transaction.xa java.sql java.sql.rowset java.xml.crypto java.se java.smartcardio jdk.accessibility jdk.internal.jvmstat jdk.attach jdk.charsets jdk.internal.opt jdk.zipfs jdk.compiler jdk.crypto.ec jdk.crypto.cryptoki jdk.crypto.mscapi jdk.dynalink jdk.internal.ed jdk.editpad jdk.hotspot.agent jdk.httpserver jdk.internal.le jdk.internal.vm.ci jdk.internal.vm.compiler jdk.internal.vm.compiler.management jdk.jartool jdk.javadoc jdk.jcmd jdk.management jdk.management.agent jdk.jconsole jdk.jdeps jdk.jdwp.agent jdk.jdi jdk.jfr jdk.jshell jdk.jsobject jdk.jstatd jdk.localedata jdk.management.jfr jdk.naming.dns jdk.naming.rmi jdk.net jdk.nio.mapmode jdk.random jdk.sctp jdk.security.auth jdk.security.jgss jdk.unsupported jdk.unsupported.desktop jdk.xml.dom" 

Environment Variables:
PATH=C:\Program Files\Common Files\Oracle\Java\javapath;C:\Program Files (x86)\Common Files\Oracle\Java\java8path;C:\Program Files (x86)\Common Files\Oracle\Java\javapath;C:\WINDOWS\system32;C:\WINDOWS;C:\WINDOWS\System32\Wbem;C:\WINDOWS\System32\WindowsPowerShell\v1.0\;C:\WINDOWS\System32\OpenSSH\;C:\Program Files\HP\HP One Agent;C:\Program Files\Git\cmd;C:\Users\vegle\AppData\Local\Microsoft\WindowsApps;C:\Users\vegle\AppData\Local\Programs\Microsoft VS Code\bin
USERNAME=vegle
OS=Windows_NT
PROCESSOR_IDENTIFIER=AMD64 Family 23 Model 24 Stepping 1, AuthenticAMD
TMP=C:\Users\vegle\AppData\Local\Temp
TEMP=C:\Users\vegle\AppData\Local\Temp




Periodic native trim disabled

---------------  S Y S T E M  ---------------

OS:
 Windows 11 , 64 bit Build 22621 (10.0.22621.5415)
OS uptime: 0 days 2:27 hours
Hyper-V role detected

CPU: total 4 (initial active 4) (4 cores per cpu, 2 threads per core) family 23 model 24 stepping 1 microcode 0x0, cx8, cmov, fxsr, ht, mmx, 3dnowpref, sse, sse2, sse3, ssse3, sse4a, sse4.1, sse4.2, popcnt, lzcnt, tsc, tscinvbit, avx, avx2, aes, clmul, bmi1, bmi2, adx, sha, fma, vzeroupper, clflush, clflushopt, hv, rdtscp, f16c
Processor Information for the first 4 processors :
  Max Mhz: 2600, Current Mhz: 2600, Mhz Limit: 2600

Memory: 4k page, system-wide physical 3499M (139M free)
TotalPageFile size 14251M (AvailPageFile size 38M)
current process WorkingSet (physical memory assigned to process): 231M, peak: 238M
current process commit charge ("private bytes"): 398M, peak: 406M

vm_info: OpenJDK 64-Bit Server VM (21.0.9+10-LTS) for windows-amd64 JRE (21.0.9+10-LTS), built on 2025-10-21T00:00:00Z by "admin" with unknown MS VC++:1942

END.
