#
# There is insufficient memory for the Java Runtime Environment to continue.
# Native memory allocation (malloc) failed to allocate 545616 bytes. Error detail: Chunk::new
# Possible reasons:
#   The system is out of physical RAM or swap space
#   This process is running with CompressedOops enabled, and the Java Heap may be blocking the growth of the native heap
# Possible solutions:
#   Reduce memory load on the system
#   Increase physical memory or swap space
#   Check if swap backing store is full
#   Decrease Java heap size (-Xmx/-Xms)
#   Decrease number of Java threads
#   Decrease Java thread stack sizes (-Xss)
#   Set larger code cache with -XX:ReservedCodeCacheSize=
#   JVM is running with Unscaled Compressed Oops mode in which the Java heap is
#     placed in the first 4GB address space. The Java Heap base address is the
#     maximum limit for the native heap growth. Please use -XX:HeapBaseMinAddress
#     to set the Java Heap base and to place the Java Heap above 4GB virtual address.
# This output file may be truncated or incomplete.
#
#  Out of Memory Error (arena.cpp:168), pid=14652, tid=7496
#
# JRE version: OpenJDK Runtime Environment Temurin-21.0.9+10 (21.0.9+10) (build 21.0.9+10-LTS)
# Java VM: OpenJDK 64-Bit Server VM Temurin-21.0.9+10 (21.0.9+10-LTS, mixed mode, sharing, tiered, compressed oops, compressed class ptrs, parallel gc, windows-amd64)
# No core dump will be written. Minidumps are not enabled by default on client versions of Windows
#

---------------  S U M M A R Y ------------

Command Line: --add-modules=ALL-SYSTEM --add-opens=java.base/java.util=ALL-UNNAMED --add-opens=java.base/java.lang=ALL-UNNAMED --add-opens=java.base/sun.nio.fs=ALL-UNNAMED -Declipse.application=org.eclipse.jdt.ls.core.id1 -Dosgi.bundles.defaultStartLevel=4 -Declipse.product=org.eclipse.jdt.ls.core.product -Djava.import.generatesMetadataFilesAtProjectRoot=false -DDetectVMInstallationsJob.disabled=true -Dfile.encoding=utf8 -XX:+UseParallelGC -XX:GCTimeRatio=4 -XX:AdaptiveSizePolicyWeight=90 -Dsun.zip.disableMemoryMapping=true -Xmx2G -Xms100m -Xlog:disable -javaagent:c:\Users\vegle\.vscode\extensions\redhat.java-1.50.0-win32-x64\lombok\lombok-1.18.39-4050.jar -XX:+HeapDumpOnOutOfMemoryError -XX:HeapDumpPath=c:\Users\vegle\AppData\Roaming\Code\User\workspaceStorage\3db52b309fb3a7cc6d07e0af6c755c07\redhat.java -Daether.dependencyCollector.impl=bf c:\Users\vegle\.vscode\extensions\redhat.java-1.50.0-win32-x64\server\plugins\org.eclipse.equinox.launcher_1.7.100.v20251111-0406.jar -configuration c:\Users\vegle\AppData\Roaming\Code\User\globalStorage\redhat.java\1.50.0\config_win -data c:\Users\vegle\AppData\Roaming\Code\User\workspaceStorage\3db52b309fb3a7cc6d07e0af6c755c07\redhat.java\jdt_ws --pipe=\\.\pipe\lsp-f951ac0f44352a8b5f832a75a48cc938-sock

Host: AMD Ryzen 3 3250U with Radeon Graphics         , 4 cores, 3G,  Windows 11 , 64 bit Build 22621 (10.0.22621.5415)
Time: Tue Dec 16 09:16:00 2025 Hora estándar Montañas (México) elapsed time: 194.775657 seconds (0d 0h 3m 14s)

---------------  T H R E A D  ---------------

Current thread (0x0000025365b179d0):  JavaThread "C2 CompilerThread0" daemon [_thread_in_native, id=7496, stack(0x00000098ecc00000,0x00000098ecd00000) (1024K)]


Current CompileTask:
C2:194777 9824       4       org.eclipse.jdt.internal.compiler.classfmt.ModuleInfo::readModuleAttribute (1166 bytes)

Stack: [0x00000098ecc00000,0x00000098ecd00000]
Native frames: (J=compiled Java code, j=interpreted, Vv=VM code, C=native code)
V  [jvm.dll+0x6d6e29]
V  [jvm.dll+0x8b4b76]
V  [jvm.dll+0x8b712e]
V  [jvm.dll+0x8b7813]
V  [jvm.dll+0x283d86]
V  [jvm.dll+0xc66ed]
V  [jvm.dll+0xc6c31]
V  [jvm.dll+0x2facee]
V  [jvm.dll+0x5fde44]
V  [jvm.dll+0x255557]
V  [jvm.dll+0x24d64b]
V  [jvm.dll+0x24b482]
V  [jvm.dll+0x1cb13e]
V  [jvm.dll+0x25b29d]
V  [jvm.dll+0x25982a]
V  [jvm.dll+0x3f7ea6]
V  [jvm.dll+0x85e9ad]
V  [jvm.dll+0x6d565d]
C  [ucrtbase.dll+0x29333]
C  [KERNEL32.DLL+0x1259d]
C  [ntdll.dll+0x5af78]


---------------  P R O C E S S  ---------------

Threads class SMR info:
_java_thread_list=0x0000025365b7e660, length=32, elements={
0x0000025365c220f0, 0x0000025365cdd1c0, 0x0000025365b0ffd0, 0x0000025365b12f20,
0x0000025365b13e30, 0x0000025365b14d40, 0x0000025365b169a0, 0x0000025365b179d0,
0x0000025365b3d6a0, 0x000002537d2fea40, 0x000002537d3735b0, 0x000002537db9ed90,
0x000002537dbb1570, 0x000002537d7c05b0, 0x000002537d3b4a00, 0x000002537dd9d390,
0x000002537dc62b10, 0x000002537e33ad80, 0x000002537e33d4e0, 0x000002537e33a060,
0x000002537e33c130, 0x0000025345268770, 0x000002534526a840, 0x000002534526b560,
0x0000025345268e00, 0x0000025345269490, 0x0000025345269b20, 0x000002534526c280,
0x00000253452673c0, 0x000002534526bbf0, 0x000002534526a1b0, 0x000002534526d630
}

Java Threads: ( => current thread )
  0x0000025365c220f0 JavaThread "main"                              [_thread_blocked, id=12680, stack(0x00000098ec200000,0x00000098ec300000) (1024K)]
  0x0000025365cdd1c0 JavaThread "Reference Handler"          daemon [_thread_blocked, id=11916, stack(0x00000098ec600000,0x00000098ec700000) (1024K)]
  0x0000025365b0ffd0 JavaThread "Finalizer"                  daemon [_thread_blocked, id=12392, stack(0x00000098ec700000,0x00000098ec800000) (1024K)]
  0x0000025365b12f20 JavaThread "Signal Dispatcher"          daemon [_thread_blocked, id=4696, stack(0x00000098ec800000,0x00000098ec900000) (1024K)]
  0x0000025365b13e30 JavaThread "Attach Listener"            daemon [_thread_blocked, id=15608, stack(0x00000098ec900000,0x00000098eca00000) (1024K)]
  0x0000025365b14d40 JavaThread "Service Thread"             daemon [_thread_blocked, id=14024, stack(0x00000098eca00000,0x00000098ecb00000) (1024K)]
  0x0000025365b169a0 JavaThread "Monitor Deflation Thread"   daemon [_thread_blocked, id=8488, stack(0x00000098ecb00000,0x00000098ecc00000) (1024K)]
=>0x0000025365b179d0 JavaThread "C2 CompilerThread0"         daemon [_thread_in_native, id=7496, stack(0x00000098ecc00000,0x00000098ecd00000) (1024K)]
  0x0000025365b3d6a0 JavaThread "C1 CompilerThread0"         daemon [_thread_blocked, id=15320, stack(0x00000098ecd00000,0x00000098ece00000) (1024K)]
  0x000002537d2fea40 JavaThread "Common-Cleaner"             daemon [_thread_blocked, id=9708, stack(0x00000098ece00000,0x00000098ecf00000) (1024K)]
  0x000002537d3735b0 JavaThread "Notification Thread"        daemon [_thread_blocked, id=1400, stack(0x00000098ed000000,0x00000098ed100000) (1024K)]
  0x000002537db9ed90 JavaThread "Active Thread: Equinox Container: 95985590-c791-4ace-adb1-7ff6b7235a25"        [_thread_blocked, id=13536, stack(0x00000098ed400000,0x00000098ed500000) (1024K)]
  0x000002537dbb1570 JavaThread "Refresh Thread: Equinox Container: 95985590-c791-4ace-adb1-7ff6b7235a25" daemon [_thread_blocked, id=15828, stack(0x00000098ed500000,0x00000098ed600000) (1024K)]
  0x000002537d7c05b0 JavaThread "Framework Event Dispatcher: Equinox Container: 95985590-c791-4ace-adb1-7ff6b7235a25" daemon [_thread_blocked, id=9392, stack(0x00000098ed600000,0x00000098ed700000) (1024K)]
  0x000002537d3b4a00 JavaThread "Start Level: Equinox Container: 95985590-c791-4ace-adb1-7ff6b7235a25" daemon [_thread_blocked, id=15316, stack(0x00000098ed700000,0x00000098ed800000) (1024K)]
  0x000002537dd9d390 JavaThread "Bundle File Closer"         daemon [_thread_blocked, id=4428, stack(0x00000098ed800000,0x00000098ed900000) (1024K)]
  0x000002537dc62b10 JavaThread "SCR Component Actor"        daemon [_thread_blocked, id=15180, stack(0x00000098ed900000,0x00000098eda00000) (1024K)]
  0x000002537e33ad80 JavaThread "Worker-JM"                         [_thread_blocked, id=15192, stack(0x00000098eda00000,0x00000098edb00000) (1024K)]
  0x000002537e33d4e0 JavaThread "JNA Cleaner"                daemon [_thread_blocked, id=13500, stack(0x00000098edb00000,0x00000098edc00000) (1024K)]
  0x000002537e33a060 JavaThread "Worker-1"                          [_thread_blocked, id=14140, stack(0x00000098edd00000,0x00000098ede00000) (1024K)]
  0x000002537e33c130 JavaThread "Java indexing"              daemon [_thread_blocked, id=4760, stack(0x00000098ee000000,0x00000098ee100000) (1024K)]
  0x0000025345268770 JavaThread "Worker-5"                          [_thread_blocked, id=14476, stack(0x00000098ee200000,0x00000098ee300000) (1024K)]
  0x000002534526a840 JavaThread "Thread-1"                   daemon [_thread_in_native, id=15308, stack(0x00000098ee300000,0x00000098ee400000) (1024K)]
  0x000002534526b560 JavaThread "Thread-2"                   daemon [_thread_in_native, id=2304, stack(0x00000098ee400000,0x00000098ee500000) (1024K)]
  0x0000025345268e00 JavaThread "Thread-3"                   daemon [_thread_in_native, id=8464, stack(0x00000098ee500000,0x00000098ee600000) (1024K)]
  0x0000025345269490 JavaThread "Thread-4"                   daemon [_thread_in_native, id=14412, stack(0x00000098ee600000,0x00000098ee700000) (1024K)]
  0x0000025345269b20 JavaThread "Thread-5"                   daemon [_thread_in_native, id=15296, stack(0x00000098ee700000,0x00000098ee800000) (1024K)]
  0x000002534526c280 JavaThread "pool-2-thread-1"                   [_thread_blocked, id=15812, stack(0x00000098ee800000,0x00000098ee900000) (1024K)]
  0x00000253452673c0 JavaThread "WorkspaceEventsHandler"            [_thread_blocked, id=15196, stack(0x00000098ee900000,0x00000098eea00000) (1024K)]
  0x000002534526bbf0 JavaThread "pool-1-thread-1"                   [_thread_blocked, id=16136, stack(0x00000098eea00000,0x00000098eeb00000) (1024K)]
  0x000002534526a1b0 JavaThread "ForkJoinPool.commonPool-worker-2" daemon [_thread_blocked, id=12992, stack(0x00000098eec00000,0x00000098eed00000) (1024K)]
  0x000002534526d630 JavaThread "ForkJoinPool.commonPool-worker-3" daemon [_thread_in_Java, id=9156, stack(0x00000098eed00000,0x00000098eee00000) (1024K)]
Total: 32

Other Threads:
  0x0000025365b0f920 VMThread "VM Thread"                           [id=3104, stack(0x00000098ec500000,0x00000098ec600000) (1024K)]
  0x0000025365c8d2c0 WatcherThread "VM Periodic Task Thread"        [id=8656, stack(0x00000098ec400000,0x00000098ec500000) (1024K)]
  0x0000025365c41330 WorkerThread "GC Thread#0"                     [id=4668, stack(0x00000098ec300000,0x00000098ec400000) (1024K)]
  0x000002537daef280 WorkerThread "GC Thread#1"                     [id=2144, stack(0x00000098ed100000,0x00000098ed200000) (1024K)]
  0x000002537daef620 WorkerThread "GC Thread#2"                     [id=13596, stack(0x00000098ed200000,0x00000098ed300000) (1024K)]
  0x000002537d4f8d70 WorkerThread "GC Thread#3"                     [id=14172, stack(0x00000098ed300000,0x00000098ed400000) (1024K)]
Total: 6

Threads with active compile tasks:
C2 CompilerThread0  195098 9824       4       org.eclipse.jdt.internal.compiler.classfmt.ModuleInfo::readModuleAttribute (1166 bytes)
Total: 1

VM state: not at safepoint (normal execution)

VM Mutex/Monitor currently owned by a thread: None

Heap address: 0x0000000080000000, size: 2048 MB, Compressed Oops mode: 32-bit

CDS archive(s) mapped at: [0x0000025300000000-0x0000025300ba0000-0x0000025300ba0000), size 12189696, SharedBaseAddress: 0x0000025300000000, ArchiveRelocationMode: 1.
Compressed class space mapped at: 0x0000025301000000-0x0000025341000000, reserved size: 1073741824
Narrow klass base: 0x0000025300000000, Narrow klass shift: 0, Narrow klass range: 0x100000000

GC Precious Log:
 CardTable entry size: 512
 CPUs: 4 total, 4 available
 Memory: 3499M
 Large Page Support: Disabled
 NUMA Support: Disabled
 Compressed Oops: Enabled (32-bit)
 Alignments: Space 512K, Generation 512K, Heap 2M
 Heap Min Capacity: 100M
 Heap Initial Capacity: 100M
 Heap Max Capacity: 2G
 Pre-touch: Disabled
 Parallel Workers: 4

Heap:
 PSYoungGen      total 20992K, used 4362K [0x00000000d5580000, 0x00000000d6e00000, 0x0000000100000000)
  eden space 19456K, 18% used [0x00000000d5580000,0x00000000d58fee60,0x00000000d6880000)
  from space 1536K, 50% used [0x00000000d6b80000,0x00000000d6c43c58,0x00000000d6d00000)
  to   space 1024K, 0% used [0x00000000d6d00000,0x00000000d6d00000,0x00000000d6e00000)
 ParOldGen       total 68608K, used 54102K [0x0000000080000000, 0x0000000084300000, 0x00000000d5580000)
  object space 68608K, 78% used [0x0000000080000000,0x00000000834d58f0,0x0000000084300000)
 Metaspace       used 66588K, committed 67968K, reserved 1114112K
  class space    used 7177K, committed 7808K, reserved 1048576K

Card table byte_map: [0x00000253655c0000,0x00000253659d0000] _byte_map_base: 0x00000253651c0000

Marking Bits: (ParMarkBitMap*) 0x00007ffd2cba2460
 Begin Bits: [0x00000253780d0000, 0x000002537a0d0000)
 End Bits:   [0x000002537a0d0000, 0x000002537c0d0000)

Polling page: 0x0000025363930000

Metaspace:

Usage:
  Non-class:     58.02 MB used.
      Class:      7.01 MB used.
       Both:     65.03 MB used.

Virtual space:
  Non-class space:       64.00 MB reserved,      58.75 MB ( 92%) committed,  1 nodes.
      Class space:        1.00 GB reserved,       7.62 MB ( <1%) committed,  1 nodes.
             Both:        1.06 GB reserved,      66.38 MB (  6%) committed. 

Chunk freelists:
   Non-Class:  5.25 MB
       Class:  8.32 MB
        Both:  13.57 MB

MaxMetaspaceSize: unlimited
CompressedClassSpaceSize: 1.00 GB
Initial GC threshold: 21.00 MB
Current GC threshold: 97.31 MB
CDS: on
 - commit_granule_bytes: 65536.
 - commit_granule_words: 8192.
 - virtual_space_node_default_size: 8388608.
 - enlarge_chunks_in_place: 1.
 - use_allocation_guard: 0.


Internal statistics:

num_allocs_failed_limit: 9.
num_arena_births: 1248.
num_arena_deaths: 114.
num_vsnodes_births: 2.
num_vsnodes_deaths: 0.
num_space_committed: 1062.
num_space_uncommitted: 0.
num_chunks_returned_to_freelist: 160.
num_chunks_taken_from_freelist: 4526.
num_chunk_merges: 53.
num_chunk_splits: 2715.
num_chunks_enlarged: 1475.
num_inconsistent_stats: 0.

CodeHeap 'non-profiled nmethods': size=120000Kb used=5866Kb max_used=5866Kb free=114134Kb
 bounds [0x00000253708f0000, 0x0000025370eb0000, 0x0000025377e20000]
CodeHeap 'profiled nmethods': size=120000Kb used=21447Kb max_used=21447Kb free=98552Kb
 bounds [0x0000025368e20000, 0x000002536a320000, 0x0000025370350000]
CodeHeap 'non-nmethods': size=5760Kb used=1448Kb max_used=1505Kb free=4311Kb
 bounds [0x0000025370350000, 0x00000253705c0000, 0x00000253708f0000]
CodeCache: size=245760Kb, used=28761Kb, max_used=28818Kb, free=216997Kb
 total_blobs=9889, nmethods=9123, adapters=669, full_count=0
Compilation: enabled, stopped_count=0, restarted_count=0

Compilation events (20 events):
Event: 175.946 Thread 0x0000025365b179d0 nmethod 9808 0x0000025370ea8110 code [0x0000025370ea82c0, 0x0000025370ea8978]
Event: 175.946 Thread 0x0000025365b179d0 9816       4       org.eclipse.jdt.core.dom.ASTNode::acceptChild (11 bytes)
Event: 175.983 Thread 0x0000025365b179d0 nmethod 9816 0x0000025370ea8b90 code [0x0000025370ea8da0, 0x0000025370ea9618]
Event: 175.985 Thread 0x0000025365b179d0 9795       4       java.util.LinkedHashMap$LinkedKeySet::iterator (16 bytes)
Event: 175.987 Thread 0x0000025365b179d0 nmethod 9795 0x0000025370ea9b10 code [0x0000025370ea9ca0, 0x0000025370ea9e00]
Event: 175.988 Thread 0x0000025365b179d0 9810       4       org.eclipse.jdt.internal.compiler.lookup.TypeBinding::erasure (2 bytes)
Event: 175.988 Thread 0x0000025365b179d0 nmethod 9810 0x0000025370ea9f10 code [0x0000025370eaa0a0, 0x0000025370eaa128]
Event: 175.989 Thread 0x0000025365b179d0 9820       4       org.eclipse.jdt.core.dom.ASTVisitor::endVisit (1 bytes)
Event: 175.989 Thread 0x0000025365b179d0 nmethod 9820 0x0000025370eaa210 code [0x0000025370eaa3a0, 0x0000025370eaa428]
Event: 175.990 Thread 0x0000025365b179d0 9805       4       java.lang.reflect.Field::getOverrideFieldAccessor (18 bytes)
Event: 175.991 Thread 0x0000025365b179d0 nmethod 9805 0x0000025370eaa510 code [0x0000025370eaa6a0, 0x0000025370eaa760]
Event: 194.007 Thread 0x0000025365b3d6a0 9821       3       org.eclipse.core.internal.resources.Resource::isLinked (133 bytes)
Event: 194.036 Thread 0x0000025365b3d6a0 nmethod 9821 0x000002536a30bc90 code [0x000002536a30bf80, 0x000002536a30d1f0]
Event: 194.036 Thread 0x0000025365b3d6a0 9822  s    3       org.eclipse.core.internal.resources.ProjectDescription::getFilter (21 bytes)
Event: 194.040 Thread 0x0000025365b3d6a0 nmethod 9822 0x000002536a30d710 code [0x000002536a30d8e0, 0x000002536a30dd08]
Event: 194.338 Thread 0x0000025365b179d0 9824       4       org.eclipse.jdt.internal.compiler.classfmt.ModuleInfo::readModuleAttribute (1166 bytes)
Event: 194.512 Thread 0x0000025365b3d6a0 9825       3       org.eclipse.jdt.internal.compiler.classfmt.ModuleInfo$ServiceInfo::<init> (10 bytes)
Event: 194.514 Thread 0x0000025365b3d6a0 nmethod 9825 0x000002536a30de10 code [0x000002536a30dfc0, 0x000002536a30e148]
Event: 194.658 Thread 0x0000025365b3d6a0 9826       3       org.eclipse.core.internal.resources.Project::checkAccessible (42 bytes)
Event: 194.680 Thread 0x0000025365b3d6a0 nmethod 9826 0x000002536a30e210 code [0x000002536a30e440, 0x000002536a30ed10]

GC Heap History (20 events):
Event: 34.818 GC heap before
{Heap before GC invocations=33 (full 2):
 PSYoungGen      total 22016K, used 21861K [0x00000000d5580000, 0x00000000d6e80000, 0x0000000100000000)
  eden space 20992K, 99% used [0x00000000d5580000,0x00000000d69fffc8,0x00000000d6a00000)
  from space 1024K, 84% used [0x00000000d6d80000,0x00000000d6e597d8,0x00000000d6e80000)
  to   space 1024K, 0% used [0x00000000d6c80000,0x00000000d6c80000,0x00000000d6d80000)
 ParOldGen       total 68608K, used 41518K [0x0000000080000000, 0x0000000084300000, 0x00000000d5580000)
  object space 68608K, 60% used [0x0000000080000000,0x000000008288b870,0x0000000084300000)
 Metaspace       used 57554K, committed 58944K, reserved 1114112K
  class space    used 6224K, committed 6848K, reserved 1048576K
}
Event: 34.831 GC heap after
{Heap after GC invocations=33 (full 2):
 PSYoungGen      total 22016K, used 1010K [0x00000000d5580000, 0x00000000d7000000, 0x0000000100000000)
  eden space 20992K, 0% used [0x00000000d5580000,0x00000000d5580000,0x00000000d6a00000)
  from space 1024K, 98% used [0x00000000d6c80000,0x00000000d6d7ca40,0x00000000d6d80000)
  to   space 2560K, 0% used [0x00000000d6d80000,0x00000000d6d80000,0x00000000d7000000)
 ParOldGen       total 68608K, used 43133K [0x0000000080000000, 0x0000000084300000, 0x00000000d5580000)
  object space 68608K, 62% used [0x0000000080000000,0x0000000082a1f4b8,0x0000000084300000)
 Metaspace       used 57554K, committed 58944K, reserved 1114112K
  class space    used 6224K, committed 6848K, reserved 1048576K
}
Event: 36.056 GC heap before
{Heap before GC invocations=34 (full 2):
 PSYoungGen      total 22016K, used 12029K [0x00000000d5580000, 0x00000000d7000000, 0x0000000100000000)
  eden space 20992K, 52% used [0x00000000d5580000,0x00000000d6042bb8,0x00000000d6a00000)
  from space 1024K, 98% used [0x00000000d6c80000,0x00000000d6d7ca40,0x00000000d6d80000)
  to   space 2560K, 0% used [0x00000000d6d80000,0x00000000d6d80000,0x00000000d7000000)
 ParOldGen       total 68608K, used 43133K [0x0000000080000000, 0x0000000084300000, 0x00000000d5580000)
  object space 68608K, 62% used [0x0000000080000000,0x0000000082a1f4b8,0x0000000084300000)
 Metaspace       used 58313K, committed 59776K, reserved 1114112K
  class space    used 6310K, committed 6912K, reserved 1048576K
}
Event: 36.065 GC heap after
{Heap after GC invocations=34 (full 2):
 PSYoungGen      total 23040K, used 1664K [0x00000000d5580000, 0x00000000d6f80000, 0x0000000100000000)
  eden space 20992K, 0% used [0x00000000d5580000,0x00000000d5580000,0x00000000d6a00000)
  from space 2048K, 81% used [0x00000000d6d80000,0x00000000d6f203f8,0x00000000d6f80000)
  to   space 2048K, 0% used [0x00000000d6b80000,0x00000000d6b80000,0x00000000d6d80000)
 ParOldGen       total 68608K, used 44101K [0x0000000080000000, 0x0000000084300000, 0x00000000d5580000)
  object space 68608K, 64% used [0x0000000080000000,0x0000000082b11568,0x0000000084300000)
 Metaspace       used 58313K, committed 59776K, reserved 1114112K
  class space    used 6310K, committed 6912K, reserved 1048576K
}
Event: 36.065 GC heap before
{Heap before GC invocations=35 (full 3):
 PSYoungGen      total 23040K, used 1664K [0x00000000d5580000, 0x00000000d6f80000, 0x0000000100000000)
  eden space 20992K, 0% used [0x00000000d5580000,0x00000000d5580000,0x00000000d6a00000)
  from space 2048K, 81% used [0x00000000d6d80000,0x00000000d6f203f8,0x00000000d6f80000)
  to   space 2048K, 0% used [0x00000000d6b80000,0x00000000d6b80000,0x00000000d6d80000)
 ParOldGen       total 68608K, used 44101K [0x0000000080000000, 0x0000000084300000, 0x00000000d5580000)
  object space 68608K, 64% used [0x0000000080000000,0x0000000082b11568,0x0000000084300000)
 Metaspace       used 58313K, committed 59776K, reserved 1114112K
  class space    used 6310K, committed 6912K, reserved 1048576K
}
Event: 36.534 GC heap after
{Heap after GC invocations=35 (full 3):
 PSYoungGen      total 23040K, used 0K [0x00000000d5580000, 0x00000000d6f80000, 0x0000000100000000)
  eden space 20992K, 0% used [0x00000000d5580000,0x00000000d5580000,0x00000000d6a00000)
  from space 2048K, 0% used [0x00000000d6d80000,0x00000000d6d80000,0x00000000d6f80000)
  to   space 2048K, 0% used [0x00000000d6b80000,0x00000000d6b80000,0x00000000d6d80000)
 ParOldGen       total 68608K, used 42649K [0x0000000080000000, 0x0000000084300000, 0x00000000d5580000)
  object space 68608K, 62% used [0x0000000080000000,0x00000000829a64b8,0x0000000084300000)
 Metaspace       used 58234K, committed 59776K, reserved 1114112K
  class space    used 6289K, committed 6912K, reserved 1048576K
}
Event: 37.856 GC heap before
{Heap before GC invocations=36 (full 3):
 PSYoungGen      total 23040K, used 20992K [0x00000000d5580000, 0x00000000d6f80000, 0x0000000100000000)
  eden space 20992K, 100% used [0x00000000d5580000,0x00000000d6a00000,0x00000000d6a00000)
  from space 2048K, 0% used [0x00000000d6d80000,0x00000000d6d80000,0x00000000d6f80000)
  to   space 2048K, 0% used [0x00000000d6b80000,0x00000000d6b80000,0x00000000d6d80000)
 ParOldGen       total 68608K, used 42649K [0x0000000080000000, 0x0000000084300000, 0x00000000d5580000)
  object space 68608K, 62% used [0x0000000080000000,0x00000000829a64b8,0x0000000084300000)
 Metaspace       used 59790K, committed 61184K, reserved 1114112K
  class space    used 6468K, committed 7040K, reserved 1048576K
}
Event: 37.861 GC heap after
{Heap after GC invocations=36 (full 3):
 PSYoungGen      total 22528K, used 1471K [0x00000000d5580000, 0x00000000d6e00000, 0x0000000100000000)
  eden space 20992K, 0% used [0x00000000d5580000,0x00000000d5580000,0x00000000d6a00000)
  from space 1536K, 95% used [0x00000000d6b80000,0x00000000d6ceffc0,0x00000000d6d00000)
  to   space 1024K, 0% used [0x00000000d6d00000,0x00000000d6d00000,0x00000000d6e00000)
 ParOldGen       total 68608K, used 44114K [0x0000000080000000, 0x0000000084300000, 0x00000000d5580000)
  object space 68608K, 64% used [0x0000000080000000,0x0000000082b14a08,0x0000000084300000)
 Metaspace       used 59790K, committed 61184K, reserved 1114112K
  class space    used 6468K, committed 7040K, reserved 1048576K
}
Event: 38.986 GC heap before
{Heap before GC invocations=37 (full 3):
 PSYoungGen      total 22528K, used 22463K [0x00000000d5580000, 0x00000000d6e00000, 0x0000000100000000)
  eden space 20992K, 100% used [0x00000000d5580000,0x00000000d6a00000,0x00000000d6a00000)
  from space 1536K, 95% used [0x00000000d6b80000,0x00000000d6ceffc0,0x00000000d6d00000)
  to   space 1024K, 0% used [0x00000000d6d00000,0x00000000d6d00000,0x00000000d6e00000)
 ParOldGen       total 68608K, used 44114K [0x0000000080000000, 0x0000000084300000, 0x00000000d5580000)
  object space 68608K, 64% used [0x0000000080000000,0x0000000082b14a08,0x0000000084300000)
 Metaspace       used 61431K, committed 62784K, reserved 1114112K
  class space    used 6648K, committed 7232K, reserved 1048576K
}
Event: 38.993 GC heap after
{Heap after GC invocations=37 (full 3):
 PSYoungGen      total 20480K, used 1016K [0x00000000d5580000, 0x00000000d7300000, 0x0000000100000000)
  eden space 19456K, 0% used [0x00000000d5580000,0x00000000d5580000,0x00000000d6880000)
  from space 1024K, 99% used [0x00000000d6d00000,0x00000000d6dfe000,0x00000000d6e00000)
  to   space 4608K, 0% used [0x00000000d6880000,0x00000000d6880000,0x00000000d6d00000)
 ParOldGen       total 68608K, used 46933K [0x0000000080000000, 0x0000000084300000, 0x00000000d5580000)
  object space 68608K, 68% used [0x0000000080000000,0x0000000082dd5798,0x0000000084300000)
 Metaspace       used 61431K, committed 62784K, reserved 1114112K
  class space    used 6648K, committed 7232K, reserved 1048576K
}
Event: 39.809 GC heap before
{Heap before GC invocations=38 (full 3):
 PSYoungGen      total 20480K, used 20472K [0x00000000d5580000, 0x00000000d7300000, 0x0000000100000000)
  eden space 19456K, 100% used [0x00000000d5580000,0x00000000d6880000,0x00000000d6880000)
  from space 1024K, 99% used [0x00000000d6d00000,0x00000000d6dfe000,0x00000000d6e00000)
  to   space 4608K, 0% used [0x00000000d6880000,0x00000000d6880000,0x00000000d6d00000)
 ParOldGen       total 68608K, used 46933K [0x0000000080000000, 0x0000000084300000, 0x00000000d5580000)
  object space 68608K, 68% used [0x0000000080000000,0x0000000082dd5798,0x0000000084300000)
 Metaspace       used 62211K, committed 63616K, reserved 1114112K
  class space    used 6697K, committed 7296K, reserved 1048576K
}
Event: 39.817 GC heap after
{Heap after GC invocations=38 (full 3):
 PSYoungGen      total 24064K, used 4604K [0x00000000d5580000, 0x00000000d7680000, 0x0000000100000000)
  eden space 19456K, 0% used [0x00000000d5580000,0x00000000d5580000,0x00000000d6880000)
  from space 4608K, 99% used [0x00000000d6880000,0x00000000d6cff358,0x00000000d6d00000)
  to   space 7168K, 0% used [0x00000000d6f80000,0x00000000d6f80000,0x00000000d7680000)
 ParOldGen       total 68608K, used 48540K [0x0000000080000000, 0x0000000084300000, 0x00000000d5580000)
  object space 68608K, 70% used [0x0000000080000000,0x0000000082f67128,0x0000000084300000)
 Metaspace       used 62211K, committed 63616K, reserved 1114112K
  class space    used 6697K, committed 7296K, reserved 1048576K
}
Event: 40.830 GC heap before
{Heap before GC invocations=39 (full 3):
 PSYoungGen      total 24064K, used 24060K [0x00000000d5580000, 0x00000000d7680000, 0x0000000100000000)
  eden space 19456K, 100% used [0x00000000d5580000,0x00000000d6880000,0x00000000d6880000)
  from space 4608K, 99% used [0x00000000d6880000,0x00000000d6cff358,0x00000000d6d00000)
  to   space 7168K, 0% used [0x00000000d6f80000,0x00000000d6f80000,0x00000000d7680000)
 ParOldGen       total 68608K, used 48540K [0x0000000080000000, 0x0000000084300000, 0x00000000d5580000)
  object space 68608K, 70% used [0x0000000080000000,0x0000000082f67128,0x0000000084300000)
 Metaspace       used 63772K, committed 65216K, reserved 1114112K
  class space    used 6900K, committed 7552K, reserved 1048576K
}
Event: 40.884 GC heap after
{Heap after GC invocations=39 (full 3):
 PSYoungGen      total 20992K, used 1039K [0x00000000d5580000, 0x00000000d7100000, 0x0000000100000000)
  eden space 19456K, 0% used [0x00000000d5580000,0x00000000d5580000,0x00000000d6880000)
  from space 1536K, 67% used [0x00000000d6f80000,0x00000000d7083c70,0x00000000d7100000)
  to   space 3072K, 0% used [0x00000000d6b00000,0x00000000d6b00000,0x00000000d6e00000)
 ParOldGen       total 68608K, used 50794K [0x0000000080000000, 0x0000000084300000, 0x00000000d5580000)
  object space 68608K, 74% used [0x0000000080000000,0x000000008319ab10,0x0000000084300000)
 Metaspace       used 63772K, committed 65216K, reserved 1114112K
  class space    used 6900K, committed 7552K, reserved 1048576K
}
Event: 97.408 GC heap before
{Heap before GC invocations=40 (full 3):
 PSYoungGen      total 20992K, used 20495K [0x00000000d5580000, 0x00000000d7100000, 0x0000000100000000)
  eden space 19456K, 100% used [0x00000000d5580000,0x00000000d6880000,0x00000000d6880000)
  from space 1536K, 67% used [0x00000000d6f80000,0x00000000d7083c70,0x00000000d7100000)
  to   space 3072K, 0% used [0x00000000d6b00000,0x00000000d6b00000,0x00000000d6e00000)
 ParOldGen       total 68608K, used 50794K [0x0000000080000000, 0x0000000084300000, 0x00000000d5580000)
  object space 68608K, 74% used [0x0000000080000000,0x000000008319ab10,0x0000000084300000)
 Metaspace       used 64228K, committed 65664K, reserved 1114112K
  class space    used 6928K, committed 7552K, reserved 1048576K
}
Event: 97.508 GC heap after
{Heap after GC invocations=40 (full 3):
 PSYoungGen      total 22016K, used 2272K [0x00000000d5580000, 0x00000000d7000000, 0x0000000100000000)
  eden space 19456K, 0% used [0x00000000d5580000,0x00000000d5580000,0x00000000d6880000)
  from space 2560K, 88% used [0x00000000d6b00000,0x00000000d6d38000,0x00000000d6d80000)
  to   space 2560K, 0% used [0x00000000d6d80000,0x00000000d6d80000,0x00000000d7000000)
 ParOldGen       total 68608K, used 51609K [0x0000000080000000, 0x0000000084300000, 0x00000000d5580000)
  object space 68608K, 75% used [0x0000000080000000,0x0000000083266420,0x0000000084300000)
 Metaspace       used 64228K, committed 65664K, reserved 1114112K
  class space    used 6928K, committed 7552K, reserved 1048576K
}
Event: 168.362 GC heap before
{Heap before GC invocations=41 (full 3):
 PSYoungGen      total 22016K, used 21728K [0x00000000d5580000, 0x00000000d7000000, 0x0000000100000000)
  eden space 19456K, 100% used [0x00000000d5580000,0x00000000d6880000,0x00000000d6880000)
  from space 2560K, 88% used [0x00000000d6b00000,0x00000000d6d38000,0x00000000d6d80000)
  to   space 2560K, 0% used [0x00000000d6d80000,0x00000000d6d80000,0x00000000d7000000)
 ParOldGen       total 68608K, used 51609K [0x0000000080000000, 0x0000000084300000, 0x00000000d5580000)
  object space 68608K, 75% used [0x0000000080000000,0x0000000083266420,0x0000000084300000)
 Metaspace       used 65270K, committed 66752K, reserved 1114112K
  class space    used 7027K, committed 7680K, reserved 1048576K
}
Event: 168.439 GC heap after
{Heap after GC invocations=41 (full 3):
 PSYoungGen      total 20480K, used 544K [0x00000000d5580000, 0x00000000d6e80000, 0x0000000100000000)
  eden space 19456K, 0% used [0x00000000d5580000,0x00000000d5580000,0x00000000d6880000)
  from space 1024K, 53% used [0x00000000d6d80000,0x00000000d6e08000,0x00000000d6e80000)
  to   space 1536K, 0% used [0x00000000d6b80000,0x00000000d6b80000,0x00000000d6d00000)
 ParOldGen       total 68608K, used 53810K [0x0000000080000000, 0x0000000084300000, 0x00000000d5580000)
  object space 68608K, 78% used [0x0000000080000000,0x000000008348c8c0,0x0000000084300000)
 Metaspace       used 65270K, committed 66752K, reserved 1114112K
  class space    used 7027K, committed 7680K, reserved 1048576K
}
Event: 173.929 GC heap before
{Heap before GC invocations=42 (full 3):
 PSYoungGen      total 20480K, used 20000K [0x00000000d5580000, 0x00000000d6e80000, 0x0000000100000000)
  eden space 19456K, 100% used [0x00000000d5580000,0x00000000d6880000,0x00000000d6880000)
  from space 1024K, 53% used [0x00000000d6d80000,0x00000000d6e08000,0x00000000d6e80000)
  to   space 1536K, 0% used [0x00000000d6b80000,0x00000000d6b80000,0x00000000d6d00000)
 ParOldGen       total 68608K, used 53810K [0x0000000080000000, 0x0000000084300000, 0x00000000d5580000)
  object space 68608K, 78% used [0x0000000080000000,0x000000008348c8c0,0x0000000084300000)
 Metaspace       used 66474K, committed 67904K, reserved 1114112K
  class space    used 7177K, committed 7808K, reserved 1048576K
}
Event: 173.938 GC heap after
{Heap after GC invocations=42 (full 3):
 PSYoungGen      total 20992K, used 783K [0x00000000d5580000, 0x00000000d6e00000, 0x0000000100000000)
  eden space 19456K, 0% used [0x00000000d5580000,0x00000000d5580000,0x00000000d6880000)
  from space 1536K, 50% used [0x00000000d6b80000,0x00000000d6c43c58,0x00000000d6d00000)
  to   space 1024K, 0% used [0x00000000d6d00000,0x00000000d6d00000,0x00000000d6e00000)
 ParOldGen       total 68608K, used 54102K [0x0000000080000000, 0x0000000084300000, 0x00000000d5580000)
  object space 68608K, 78% used [0x0000000080000000,0x00000000834d58f0,0x0000000084300000)
 Metaspace       used 66474K, committed 67904K, reserved 1114112K
  class space    used 7177K, committed 7808K, reserved 1048576K
}

Dll operation events (10 events):
Event: 0.036 Loaded shared library c:\Users\vegle\.vscode\extensions\redhat.java-1.50.0-win32-x64\jre\21.0.9-win32-x86_64\bin\java.dll
Event: 0.290 Loaded shared library c:\Users\vegle\.vscode\extensions\redhat.java-1.50.0-win32-x64\jre\21.0.9-win32-x86_64\bin\zip.dll
Event: 0.406 Loaded shared library C:\Users\vegle\.vscode\extensions\redhat.java-1.50.0-win32-x64\jre\21.0.9-win32-x86_64\bin\instrument.dll
Event: 0.419 Loaded shared library C:\Users\vegle\.vscode\extensions\redhat.java-1.50.0-win32-x64\jre\21.0.9-win32-x86_64\bin\net.dll
Event: 0.425 Loaded shared library C:\Users\vegle\.vscode\extensions\redhat.java-1.50.0-win32-x64\jre\21.0.9-win32-x86_64\bin\nio.dll
Event: 0.431 Loaded shared library C:\Users\vegle\.vscode\extensions\redhat.java-1.50.0-win32-x64\jre\21.0.9-win32-x86_64\bin\zip.dll
Event: 0.492 Loaded shared library C:\Users\vegle\.vscode\extensions\redhat.java-1.50.0-win32-x64\jre\21.0.9-win32-x86_64\bin\jimage.dll
Event: 0.830 Loaded shared library c:\Users\vegle\.vscode\extensions\redhat.java-1.50.0-win32-x64\jre\21.0.9-win32-x86_64\bin\verify.dll
Event: 6.388 Loaded shared library C:\Users\vegle\AppData\Roaming\Code\User\globalStorage\redhat.java\1.50.0\config_win\org.eclipse.equinox.launcher\org.eclipse.equinox.launcher.win32.win32.x86_64_1.2.1400.v20250801-0854\eclipse_11916.dll
Event: 13.523 Loaded shared library C:\Users\vegle\AppData\Local\Temp\jna-112086801\jna8326231186327687706.dll

Deoptimization events (20 events):
Event: 175.791 Thread 0x000002534526d630 DEOPT PACKING pc=0x0000025370e84c64 sp=0x00000098eedfe1b0
Event: 175.791 Thread 0x000002534526d630 DEOPT UNPACKING pc=0x00000253703a3aa2 sp=0x00000098eedfe158 mode 2
Event: 175.791 Thread 0x000002534526d630 Uncommon trap: trap_request=0xffffffd6 fr.pc=0x0000025370e84c64 relative=0x0000000000006984
Event: 175.791 Thread 0x000002534526d630 Uncommon trap: reason=array_check action=maybe_recompile pc=0x0000025370e84c64 method=org.eclipse.jdt.internal.compiler.classfmt.ModuleInfo.readModuleAttribute(I)V @ 1029 c2
Event: 175.791 Thread 0x000002534526d630 DEOPT PACKING pc=0x0000025370e84c64 sp=0x00000098eedfe1b0
Event: 175.791 Thread 0x000002534526d630 DEOPT UNPACKING pc=0x00000253703a3aa2 sp=0x00000098eedfe158 mode 2
Event: 175.791 Thread 0x000002534526d630 Uncommon trap: trap_request=0xffffffd6 fr.pc=0x0000025370e84c64 relative=0x0000000000006984
Event: 175.792 Thread 0x000002534526d630 Uncommon trap: reason=array_check action=maybe_recompile pc=0x0000025370e84c64 method=org.eclipse.jdt.internal.compiler.classfmt.ModuleInfo.readModuleAttribute(I)V @ 1029 c2
Event: 175.792 Thread 0x000002534526d630 DEOPT PACKING pc=0x0000025370e84c64 sp=0x00000098eedfe1b0
Event: 175.792 Thread 0x000002534526d630 DEOPT UNPACKING pc=0x00000253703a3aa2 sp=0x00000098eedfe158 mode 2
Event: 175.792 Thread 0x000002534526d630 Uncommon trap: trap_request=0xffffffd6 fr.pc=0x0000025370e84c64 relative=0x0000000000006984
Event: 175.792 Thread 0x000002534526d630 Uncommon trap: reason=array_check action=maybe_recompile pc=0x0000025370e84c64 method=org.eclipse.jdt.internal.compiler.classfmt.ModuleInfo.readModuleAttribute(I)V @ 1029 c2
Event: 175.792 Thread 0x000002534526d630 DEOPT PACKING pc=0x0000025370e84c64 sp=0x00000098eedfe1b0
Event: 175.792 Thread 0x000002534526d630 DEOPT UNPACKING pc=0x00000253703a3aa2 sp=0x00000098eedfe158 mode 2
Event: 175.794 Thread 0x000002534526d630 DEOPT PACKING pc=0x000002536a1fdc62 sp=0x00000098eedfdfa0
Event: 175.794 Thread 0x000002534526d630 DEOPT UNPACKING pc=0x00000253703a4242 sp=0x00000098eedfd518 mode 0
Event: 175.877 Thread 0x000002534526d630 DEOPT PACKING pc=0x000002536a239bff sp=0x00000098eedfdea0
Event: 175.877 Thread 0x000002534526d630 DEOPT UNPACKING pc=0x00000253703a4242 sp=0x00000098eedfd350 mode 0
Event: 194.729 Thread 0x000002534526d630 DEOPT PACKING pc=0x000002536a1fdc62 sp=0x00000098eedfdfa0
Event: 194.729 Thread 0x000002534526d630 DEOPT UNPACKING pc=0x00000253703a4242 sp=0x00000098eedfd518 mode 0

Classes loaded (20 events):
Event: 37.561 Loading class sun/util/resources/TimeZoneNamesBundle done
Event: 37.561 Loading class sun/util/resources/cldr/TimeZoneNames done
Event: 37.563 Loading class sun/util/resources/cldr/TimeZoneNames_en
Event: 37.565 Loading class sun/util/resources/cldr/TimeZoneNames_en done
Event: 37.567 Loading class sun/util/resources/cldr/TimeZoneNames_en_US
Event: 37.567 Loading class sun/util/resources/cldr/TimeZoneNames_en_US done
Event: 37.574 Loading class sun/util/cldr/CLDRBaseLocaleDataMetaInfo$TZCanonicalIDMapHolder
Event: 37.583 Loading class sun/util/cldr/CLDRBaseLocaleDataMetaInfo$TZCanonicalIDMapHolder done
Event: 37.590 Loading class sun/util/resources/TimeZoneNames
Event: 37.593 Loading class sun/util/resources/TimeZoneNames done
Event: 37.598 Loading class sun/util/resources/TimeZoneNames_en
Event: 37.598 Loading class sun/util/resources/TimeZoneNames_en done
Event: 167.458 Loading class java/util/AbstractList$SubList
Event: 167.461 Loading class java/util/AbstractList$SubList done
Event: 168.339 Loading class java/util/AbstractList$SubList$1
Event: 168.340 Loading class java/util/AbstractList$SubList$1 done
Event: 169.278 Loading class java/io/CharArrayReader
Event: 169.279 Loading class java/io/CharArrayReader done
Event: 169.282 Loading class java/util/regex/Pattern$Bound
Event: 169.283 Loading class java/util/regex/Pattern$Bound done

Classes unloaded (20 events):
Event: 36.194 Thread 0x0000025365b0f920 Unloading class 0x00000253016c2400 'java/lang/invoke/LambdaForm$MH+0x00000253016c2400'
Event: 36.194 Thread 0x0000025365b0f920 Unloading class 0x00000253016c1c00 'java/lang/invoke/LambdaForm$MH+0x00000253016c1c00'
Event: 36.194 Thread 0x0000025365b0f920 Unloading class 0x00000253016c1400 'java/lang/invoke/LambdaForm$MH+0x00000253016c1400'
Event: 36.194 Thread 0x0000025365b0f920 Unloading class 0x00000253016c1800 'java/lang/invoke/LambdaForm$MH+0x00000253016c1800'
Event: 36.194 Thread 0x0000025365b0f920 Unloading class 0x00000253016c0c00 'java/lang/invoke/LambdaForm$MH+0x00000253016c0c00'
Event: 36.194 Thread 0x0000025365b0f920 Unloading class 0x00000253016c0800 'java/lang/invoke/LambdaForm$MH+0x00000253016c0800'
Event: 36.194 Thread 0x0000025365b0f920 Unloading class 0x00000253016c0400 'java/lang/invoke/LambdaForm$MH+0x00000253016c0400'
Event: 36.194 Thread 0x0000025365b0f920 Unloading class 0x00000253016bfc00 'java/lang/invoke/LambdaForm$MH+0x00000253016bfc00'
Event: 36.194 Thread 0x0000025365b0f920 Unloading class 0x00000253016bf800 'java/lang/invoke/LambdaForm$MH+0x00000253016bf800'
Event: 36.194 Thread 0x0000025365b0f920 Unloading class 0x00000253016bf400 'java/lang/invoke/LambdaForm$MH+0x00000253016bf400'
Event: 36.194 Thread 0x0000025365b0f920 Unloading class 0x00000253016bec00 'java/lang/invoke/LambdaForm$MH+0x00000253016bec00'
Event: 36.194 Thread 0x0000025365b0f920 Unloading class 0x00000253016bdc00 'java/lang/invoke/LambdaForm$MH+0x00000253016bdc00'
Event: 36.194 Thread 0x0000025365b0f920 Unloading class 0x00000253016be000 'java/lang/invoke/LambdaForm$MH+0x00000253016be000'
Event: 36.194 Thread 0x0000025365b0f920 Unloading class 0x00000253016bd400 'java/lang/invoke/LambdaForm$MH+0x00000253016bd400'
Event: 36.194 Thread 0x0000025365b0f920 Unloading class 0x00000253016bd000 'java/lang/invoke/LambdaForm$MH+0x00000253016bd000'
Event: 36.194 Thread 0x0000025365b0f920 Unloading class 0x00000253016bc800 'java/lang/invoke/LambdaForm$MH+0x00000253016bc800'
Event: 36.194 Thread 0x0000025365b0f920 Unloading class 0x00000253016bc400 'java/lang/invoke/LambdaForm$MH+0x00000253016bc400'
Event: 36.194 Thread 0x0000025365b0f920 Unloading class 0x00000253016a8c00 'java/lang/invoke/LambdaForm$MH+0x00000253016a8c00'
Event: 36.194 Thread 0x0000025365b0f920 Unloading class 0x00000253016a8800 'java/lang/invoke/LambdaForm$DMH+0x00000253016a8800'
Event: 36.194 Thread 0x0000025365b0f920 Unloading class 0x00000253016a8400 'java/lang/invoke/LambdaForm$DMH+0x00000253016a8400'

Classes redefined (0 events):
No events

Internal exceptions (20 events):
Event: 173.211 Thread 0x000002534526d630 Exception <a 'java/lang/NullPointerException'{0x00000000d660dd08}> (0x00000000d660dd08) 
thrown [s\src\hotspot\share\interpreter\linkResolver.cpp, line 1372]
Event: 173.211 Thread 0x000002534526d630 Exception <a 'java/lang/NullPointerException'{0x00000000d660e6d8}> (0x00000000d660e6d8) 
thrown [s\src\hotspot\share\interpreter\linkResolver.cpp, line 1372]
Event: 173.211 Thread 0x000002534526d630 Exception <a 'java/lang/NullPointerException'{0x00000000d660eee8}> (0x00000000d660eee8) 
thrown [s\src\hotspot\share\interpreter\linkResolver.cpp, line 1372]
Event: 173.218 Thread 0x000002534526d630 Exception <a 'java/lang/NullPointerException'{0x00000000d66627c0}> (0x00000000d66627c0) 
thrown [s\src\hotspot\share\interpreter\linkResolver.cpp, line 1372]
Event: 173.218 Thread 0x000002534526d630 Exception <a 'java/lang/NullPointerException'{0x00000000d6663058}> (0x00000000d6663058) 
thrown [s\src\hotspot\share\interpreter\linkResolver.cpp, line 1372]
Event: 173.218 Thread 0x000002534526d630 Exception <a 'java/lang/NullPointerException'{0x00000000d6663858}> (0x00000000d6663858) 
thrown [s\src\hotspot\share\interpreter\linkResolver.cpp, line 1372]
Event: 173.890 Thread 0x000002534526d630 Exception <a 'java/lang/NullPointerException'{0x00000000d67f6ec8}> (0x00000000d67f6ec8) 
thrown [s\src\hotspot\share\interpreter\linkResolver.cpp, line 1372]
Event: 173.891 Thread 0x000002534526d630 Exception <a 'java/lang/NullPointerException'{0x00000000d67f7698}> (0x00000000d67f7698) 
thrown [s\src\hotspot\share\interpreter\linkResolver.cpp, line 1372]
Event: 173.891 Thread 0x000002534526d630 Exception <a 'java/lang/NullPointerException'{0x00000000d67f8068}> (0x00000000d67f8068) 
thrown [s\src\hotspot\share\interpreter\linkResolver.cpp, line 1372]
Event: 173.891 Thread 0x000002534526d630 Exception <a 'java/lang/NullPointerException'{0x00000000d67f8878}> (0x00000000d67f8878) 
thrown [s\src\hotspot\share\interpreter\linkResolver.cpp, line 1372]
Event: 173.895 Thread 0x000002534526d630 Exception <a 'java/lang/NullPointerException'{0x00000000d684c208}> (0x00000000d684c208) 
thrown [s\src\hotspot\share\interpreter\linkResolver.cpp, line 1372]
Event: 173.895 Thread 0x000002534526d630 Exception <a 'java/lang/NullPointerException'{0x00000000d684caa0}> (0x00000000d684caa0) 
thrown [s\src\hotspot\share\interpreter\linkResolver.cpp, line 1372]
Event: 173.895 Thread 0x000002534526d630 Exception <a 'java/lang/NullPointerException'{0x00000000d684d2a0}> (0x00000000d684d2a0) 
thrown [s\src\hotspot\share\interpreter\linkResolver.cpp, line 1372]
Event: 175.796 Thread 0x000002534526d630 Exception <a 'java/lang/NullPointerException'{0x00000000d56e56d0}> (0x00000000d56e56d0) 
thrown [s\src\hotspot\share\interpreter\linkResolver.cpp, line 1372]
Event: 175.797 Thread 0x000002534526d630 Exception <a 'java/lang/NullPointerException'{0x00000000d56e5ea0}> (0x00000000d56e5ea0) 
thrown [s\src\hotspot\share\interpreter\linkResolver.cpp, line 1372]
Event: 175.797 Thread 0x000002534526d630 Exception <a 'java/lang/NullPointerException'{0x00000000d56e6870}> (0x00000000d56e6870) 
thrown [s\src\hotspot\share\interpreter\linkResolver.cpp, line 1372]
Event: 175.797 Thread 0x000002534526d630 Exception <a 'java/lang/NullPointerException'{0x00000000d56e7080}> (0x00000000d56e7080) 
thrown [s\src\hotspot\share\interpreter\linkResolver.cpp, line 1372]
Event: 175.803 Thread 0x000002534526d630 Exception <a 'java/lang/NullPointerException'{0x00000000d573a6f8}> (0x00000000d573a6f8) 
thrown [s\src\hotspot\share\interpreter\linkResolver.cpp, line 1372]
Event: 175.803 Thread 0x000002534526d630 Exception <a 'java/lang/NullPointerException'{0x00000000d573af90}> (0x00000000d573af90) 
thrown [s\src\hotspot\share\interpreter\linkResolver.cpp, line 1372]
Event: 175.803 Thread 0x000002534526d630 Exception <a 'java/lang/NullPointerException'{0x00000000d573b790}> (0x00000000d573b790) 
thrown [s\src\hotspot\share\interpreter\linkResolver.cpp, line 1372]

ZGC Phase Switch (0 events):
No events

VM Operations (20 events):
Event: 169.585 Executing VM operation: HandshakeAllThreads (Deoptimize)
Event: 169.586 Executing VM operation: HandshakeAllThreads (Deoptimize) done
Event: 169.586 Executing VM operation: Cleanup
Event: 169.586 Executing VM operation: Cleanup done
Event: 170.591 Executing VM operation: Cleanup
Event: 170.591 Executing VM operation: Cleanup done
Event: 172.608 Executing VM operation: Cleanup
Event: 172.609 Executing VM operation: Cleanup done
Event: 173.615 Executing VM operation: Cleanup
Event: 173.615 Executing VM operation: Cleanup done
Event: 173.929 Executing VM operation: ParallelGCFailedAllocation (Allocation Failure)
Event: 173.939 Executing VM operation: ParallelGCFailedAllocation (Allocation Failure) done
Event: 174.948 Executing VM operation: Cleanup
Event: 174.948 Executing VM operation: Cleanup done
Event: 175.952 Executing VM operation: Cleanup
Event: 175.952 Executing VM operation: Cleanup done
Event: 180.710 Executing VM operation: HandshakeAllThreads (HandshakeForDeflation)
Event: 180.710 Executing VM operation: HandshakeAllThreads (HandshakeForDeflation) done
Event: 180.710 Executing VM operation: RendezvousGCThreads
Event: 180.710 Executing VM operation: RendezvousGCThreads done

Memory protections (0 events):
No events

Nmethod flushes (20 events):
Event: 36.275 Thread 0x0000025365b0f920 flushing  nmethod 0x0000025369679d10
Event: 36.275 Thread 0x0000025365b0f920 flushing  nmethod 0x000002536967a310
Event: 36.275 Thread 0x0000025365b0f920 flushing  nmethod 0x000002536967a710
Event: 36.275 Thread 0x0000025365b0f920 flushing  nmethod 0x000002536967bc90
Event: 36.275 Thread 0x0000025365b0f920 flushing  nmethod 0x00000253696b9110
Event: 36.275 Thread 0x0000025365b0f920 flushing  nmethod 0x00000253696ba110
Event: 36.275 Thread 0x0000025365b0f920 flushing  nmethod 0x00000253696bb310
Event: 36.275 Thread 0x0000025365b0f920 flushing  nmethod 0x00000253696bc210
Event: 36.275 Thread 0x0000025365b0f920 flushing  nmethod 0x00000253696bcb10
Event: 36.275 Thread 0x0000025365b0f920 flushing  nmethod 0x00000253696bce90
Event: 36.275 Thread 0x0000025365b0f920 flushing  nmethod 0x00000253696bd310
Event: 36.275 Thread 0x0000025365b0f920 flushing  nmethod 0x00000253696bd890
Event: 36.275 Thread 0x0000025365b0f920 flushing  nmethod 0x00000253696bdd90
Event: 36.275 Thread 0x0000025365b0f920 flushing  nmethod 0x00000253696c2910
Event: 36.275 Thread 0x0000025365b0f920 flushing  nmethod 0x00000253696c2f10
Event: 36.275 Thread 0x0000025365b0f920 flushing  nmethod 0x00000253696c7f90
Event: 36.275 Thread 0x0000025365b0f920 flushing  nmethod 0x00000253696c9390
Event: 36.275 Thread 0x0000025365b0f920 flushing  nmethod 0x00000253696e1c10
Event: 36.275 Thread 0x0000025365b0f920 flushing  nmethod 0x00000253696eab90
Event: 36.275 Thread 0x0000025365b0f920 flushing  nmethod 0x00000253696eb190

Events (20 events):
Event: 16.575 Thread 0x000002537e33c7c0 Thread added: 0x000002537e33a6f0
Event: 17.921 Thread 0x000002537d3b4a00 Thread added: 0x000002537e33c130
Event: 19.192 Thread 0x000002537e33a6f0 Thread added: 0x000002537e33b410
Event: 19.510 Thread 0x000002537e33b410 Thread added: 0x0000025345268770
Event: 19.599 Thread 0x0000025365c220f0 Thread added: 0x000002534526a840
Event: 19.600 Thread 0x0000025365c220f0 Thread added: 0x000002534526b560
Event: 19.600 Thread 0x0000025365c220f0 Thread added: 0x0000025345268e00
Event: 19.601 Thread 0x0000025365c220f0 Thread added: 0x0000025345269490
Event: 19.601 Thread 0x0000025365c220f0 Thread added: 0x0000025345269b20
Event: 19.715 Thread 0x0000025365c220f0 Thread added: 0x000002534526c280
Event: 20.384 Thread 0x0000025365c220f0 Thread added: 0x00000253452673c0
Event: 20.384 Thread 0x0000025365c220f0 Thread added: 0x000002534526bbf0
Event: 23.250 Thread 0x000002537e33c7c0 Thread added: 0x000002534526c910
Event: 23.263 Thread 0x000002534526c910 Thread added: 0x000002534526a1b0
Event: 33.985 Thread 0x000002534526bbf0 Thread added: 0x000002534526d630
Event: 94.826 Thread 0x000002537e33b410 Thread exited: 0x000002537e33b410
Event: 94.826 Thread 0x000002537e33a6f0 Thread exited: 0x000002537e33a6f0
Event: 97.514 Thread 0x000002537e33ce50 Thread exited: 0x000002537e33ce50
Event: 99.614 Thread 0x000002537e33c7c0 Thread exited: 0x000002537e33c7c0
Event: 135.378 Thread 0x000002534526c910 Thread exited: 0x000002534526c910


Dynamic libraries:
0x00007ff779a50000 - 0x00007ff779a5e000 	c:\Users\vegle\.vscode\extensions\redhat.java-1.50.0-win32-x64\jre\21.0.9-win32-x86_64\bin\java.exe
0x00007ffd96470000 - 0x00007ffd96688000 	C:\WINDOWS\SYSTEM32\ntdll.dll
0x00007ffd57400000 - 0x00007ffd57420000 	C:\Program Files\Avast Software\Avast\aswhook.dll
0x00007ffd958c0000 - 0x00007ffd95984000 	C:\WINDOWS\System32\KERNEL32.DLL
0x00007ffd93c50000 - 0x00007ffd94023000 	C:\WINDOWS\System32\KERNELBASE.dll
0x00007ffd93b30000 - 0x00007ffd93c41000 	C:\WINDOWS\System32\ucrtbase.dll
0x00007ffd59ce0000 - 0x00007ffd59cf8000 	c:\Users\vegle\.vscode\extensions\redhat.java-1.50.0-win32-x64\jre\21.0.9-win32-x86_64\bin\jli.dll
0x00007ffd95590000 - 0x00007ffd95742000 	C:\WINDOWS\System32\USER32.dll
0x00007ffd940e0000 - 0x00007ffd94106000 	C:\WINDOWS\System32\win32u.dll
0x00007ffd95c10000 - 0x00007ffd95c39000 	C:\WINDOWS\System32\GDI32.dll
0x00007ffd93a10000 - 0x00007ffd93b2b000 	C:\WINDOWS\System32\gdi32full.dll
0x00007ffd93970000 - 0x00007ffd93a0a000 	C:\WINDOWS\System32\msvcp_win.dll
0x00007ffd667d0000 - 0x00007ffd667ee000 	c:\Users\vegle\.vscode\extensions\redhat.java-1.50.0-win32-x64\jre\21.0.9-win32-x86_64\bin\VCRUNTIME140.dll
0x00007ffd63990000 - 0x00007ffd63c2c000 	C:\WINDOWS\WinSxS\amd64_microsoft.windows.common-controls_6595b64144ccf1df_6.0.22621.6060_none_2712eda17382d24b\COMCTL32.dll
0x00007ffd95810000 - 0x00007ffd958b7000 	C:\WINDOWS\System32\msvcrt.dll
0x00007ffd94e40000 - 0x00007ffd94e71000 	C:\WINDOWS\System32\IMM32.DLL
0x00007ffd66aa0000 - 0x00007ffd66aac000 	c:\Users\vegle\.vscode\extensions\redhat.java-1.50.0-win32-x64\jre\21.0.9-win32-x86_64\bin\vcruntime140_1.dll
0x00007ffd36b40000 - 0x00007ffd36bcd000 	c:\Users\vegle\.vscode\extensions\redhat.java-1.50.0-win32-x64\jre\21.0.9-win32-x86_64\bin\msvcp140.dll
0x00007ffd2bee0000 - 0x00007ffd2cc80000 	c:\Users\vegle\.vscode\extensions\redhat.java-1.50.0-win32-x64\jre\21.0.9-win32-x86_64\bin\server\jvm.dll
0x00007ffd95b50000 - 0x00007ffd95c01000 	C:\WINDOWS\System32\ADVAPI32.dll
0x00007ffd95750000 - 0x00007ffd957f8000 	C:\WINDOWS\System32\sechost.dll
0x00007ffd94030000 - 0x00007ffd94058000 	C:\WINDOWS\System32\bcrypt.dll
0x00007ffd94fe0000 - 0x00007ffd950f8000 	C:\WINDOWS\System32\RPCRT4.dll
0x00007ffd94f10000 - 0x00007ffd94f81000 	C:\WINDOWS\System32\WS2_32.dll
0x00007ffd93450000 - 0x00007ffd9349d000 	C:\WINDOWS\SYSTEM32\POWRPROF.dll
0x00007ffd8db80000 - 0x00007ffd8dbb4000 	C:\WINDOWS\SYSTEM32\WINMM.dll
0x00007ffd88bf0000 - 0x00007ffd88bfa000 	C:\WINDOWS\SYSTEM32\VERSION.dll
0x00007ffd93430000 - 0x00007ffd93443000 	C:\WINDOWS\SYSTEM32\UMPDC.dll
0x00007ffd92520000 - 0x00007ffd92538000 	C:\WINDOWS\SYSTEM32\kernel.appcore.dll
0x00007ffd5ff50000 - 0x00007ffd5ff5a000 	c:\Users\vegle\.vscode\extensions\redhat.java-1.50.0-win32-x64\jre\21.0.9-win32-x86_64\bin\jimage.dll
0x00007ffd91010000 - 0x00007ffd91243000 	C:\WINDOWS\SYSTEM32\DBGHELP.DLL
0x00007ffd95f70000 - 0x00007ffd96301000 	C:\WINDOWS\System32\combase.dll
0x00007ffd95c40000 - 0x00007ffd95d18000 	C:\WINDOWS\System32\OLEAUT32.dll
0x00007ffd86240000 - 0x00007ffd86272000 	C:\WINDOWS\SYSTEM32\dbgcore.DLL
0x00007ffd94060000 - 0x00007ffd940db000 	C:\WINDOWS\System32\bcryptPrimitives.dll
0x00007ffd5fde0000 - 0x00007ffd5fdef000 	c:\Users\vegle\.vscode\extensions\redhat.java-1.50.0-win32-x64\jre\21.0.9-win32-x86_64\bin\instrument.dll
0x00007ffd58f70000 - 0x00007ffd58f90000 	c:\Users\vegle\.vscode\extensions\redhat.java-1.50.0-win32-x64\jre\21.0.9-win32-x86_64\bin\java.dll
0x00007ffd94200000 - 0x00007ffd94a9c000 	C:\WINDOWS\System32\SHELL32.dll
0x00007ffd93830000 - 0x00007ffd9396f000 	C:\WINDOWS\System32\wintypes.dll
0x00007ffd91430000 - 0x00007ffd91d4a000 	C:\WINDOWS\SYSTEM32\windows.storage.dll
0x00007ffd96310000 - 0x00007ffd96414000 	C:\WINDOWS\System32\SHCORE.dll
0x00007ffd95f00000 - 0x00007ffd95f69000 	C:\WINDOWS\System32\shlwapi.dll
0x00007ffd934b0000 - 0x00007ffd934d5000 	C:\WINDOWS\SYSTEM32\profapi.dll
0x00007ffd54670000 - 0x00007ffd54688000 	c:\Users\vegle\.vscode\extensions\redhat.java-1.50.0-win32-x64\jre\21.0.9-win32-x86_64\bin\zip.dll
0x00007ffd59c50000 - 0x00007ffd59c60000 	C:\Users\vegle\.vscode\extensions\redhat.java-1.50.0-win32-x64\jre\21.0.9-win32-x86_64\bin\net.dll
0x00007ffd8c2c0000 - 0x00007ffd8c3ec000 	C:\WINDOWS\SYSTEM32\WINHTTP.dll
0x00007ffd929f0000 - 0x00007ffd92a59000 	C:\WINDOWS\system32\mswsock.dll
0x00007ffd48950000 - 0x00007ffd48966000 	C:\Users\vegle\.vscode\extensions\redhat.java-1.50.0-win32-x64\jre\21.0.9-win32-x86_64\bin\nio.dll
0x00007ffd599f0000 - 0x00007ffd59a00000 	c:\Users\vegle\.vscode\extensions\redhat.java-1.50.0-win32-x64\jre\21.0.9-win32-x86_64\bin\verify.dll
0x00007ffd45b10000 - 0x00007ffd45b54000 	C:\Users\vegle\AppData\Roaming\Code\User\globalStorage\redhat.java\1.50.0\config_win\org.eclipse.equinox.launcher\org.eclipse.equinox.launcher.win32.win32.x86_64_1.2.1400.v20250801-0854\eclipse_11916.dll
0x00007ffd94aa0000 - 0x00007ffd94c41000 	C:\WINDOWS\System32\ole32.dll
0x00007ffd92c80000 - 0x00007ffd92c9b000 	C:\WINDOWS\SYSTEM32\CRYPTSP.dll
0x00007ffd92480000 - 0x00007ffd924b7000 	C:\WINDOWS\system32\rsaenh.dll
0x00007ffd92ac0000 - 0x00007ffd92ae8000 	C:\WINDOWS\SYSTEM32\USERENV.dll
0x00007ffd92c70000 - 0x00007ffd92c7c000 	C:\WINDOWS\SYSTEM32\CRYPTBASE.dll
0x00007ffd91fb0000 - 0x00007ffd91fdd000 	C:\WINDOWS\SYSTEM32\IPHLPAPI.DLL
0x00007ffd94c70000 - 0x00007ffd94c79000 	C:\WINDOWS\System32\NSI.dll
0x00007ffd589b0000 - 0x00007ffd589f9000 	C:\Users\vegle\AppData\Local\Temp\jna-112086801\jna8326231186327687706.dll
0x00007ffd95800000 - 0x00007ffd95808000 	C:\WINDOWS\System32\PSAPI.DLL
0x00007ffd8c4b0000 - 0x00007ffd8c4c9000 	C:\WINDOWS\SYSTEM32\dhcpcsvc6.DLL
0x00007ffd8c1d0000 - 0x00007ffd8c1ef000 	C:\WINDOWS\SYSTEM32\dhcpcsvc.DLL

JVMTI agents:
c:\Users\vegle\.vscode\extensions\redhat.java-1.50.0-win32-x64\lombok\lombok-1.18.39-4050.jar path:c:\Users\vegle\.vscode\extensions\redhat.java-1.50.0-win32-x64\jre\21.0.9-win32-x86_64\bin\instrument.dll, loaded, initialized, instrumentlib options:none

dbghelp: loaded successfully - version: 4.0.5 - missing functions: none
symbol engine: initialized successfully - sym options: 0x614 - pdb path: .;c:\Users\vegle\.vscode\extensions\redhat.java-1.50.0-win32-x64\jre\21.0.9-win32-x86_64\bin;C:\WINDOWS\SYSTEM32;C:\Program Files\Avast Software\Avast;C:\WINDOWS\WinSxS\amd64_microsoft.windows.common-controls_6595b64144ccf1df_6.0.22621.6060_none_2712eda17382d24b;c:\Users\vegle\.vscode\extensions\redhat.java-1.50.0-win32-x64\jre\21.0.9-win32-x86_64\bin\server;C:\Users\vegle\AppData\Roaming\Code\User\globalStorage\redhat.java\1.50.0\config_win\org.eclipse.equinox.launcher\org.eclipse.equinox.launcher.win32.win32.x86_64_1.2.1400.v20250801-0854;C:\Users\vegle\AppData\Local\Temp\jna-112086801

VM Arguments:
jvm_args: --add-modules=ALL-SYSTEM --add-opens=java.base/java.util=ALL-UNNAMED --add-opens=java.base/java.lang=ALL-UNNAMED --add-opens=java.base/sun.nio.fs=ALL-UNNAMED -Declipse.application=org.eclipse.jdt.ls.core.id1 -Dosgi.bundles.defaultStartLevel=4 -Declipse.product=org.eclipse.jdt.ls.core.product -Djava.import.generatesMetadataFilesAtProjectRoot=false -DDetectVMInstallationsJob.disabled=true -Dfile.encoding=utf8 -XX:+UseParallelGC -XX:GCTimeRatio=4 -XX:AdaptiveSizePolicyWeight=90 -Dsun.zip.disableMemoryMapping=true -Xmx2G -Xms100m -Xlog:disable -javaagent:c:\Users\vegle\.vscode\extensions\redhat.java-1.50.0-win32-x64\lombok\lombok-1.18.39-4050.jar -XX:+HeapDumpOnOutOfMemoryError -XX:HeapDumpPath=c:\Users\vegle\AppData\Roaming\Code\User\workspaceStorage\3db52b309fb3a7cc6d07e0af6c755c07\redhat.java -Daether.dependencyCollector.impl=bf 
java_command: c:\Users\vegle\.vscode\extensions\redhat.java-1.50.0-win32-x64\server\plugins\org.eclipse.equinox.launcher_1.7.100.v20251111-0406.jar -configuration c:\Users\vegle\AppData\Roaming\Code\User\globalStorage\redhat.java\1.50.0\config_win -data c:\Users\vegle\AppData\Roaming\Code\User\workspaceStorage\3db52b309fb3a7cc6d07e0af6c755c07\redhat.java\jdt_ws --pipe=\\.\pipe\lsp-f951ac0f44352a8b5f832a75a48cc938-sock
java_class_path (initial): c:\Users\vegle\.vscode\extensions\redhat.java-1.50.0-win32-x64\server\plugins\org.eclipse.equinox.launcher_1.7.100.v20251111-0406.jar
Launcher Type: SUN_STANDARD

[Global flags]
    uintx AdaptiveSizePolicyWeight                 = 90                                        {product} {command line}
     intx CICompilerCount                          = 3                                         {product} {ergonomic}
    uintx GCTimeRatio                              = 4                                         {product} {command line}
     bool HeapDumpOnOutOfMemoryError               = true                                   {manageable} {command line}
    ccstr HeapDumpPath                             = c:\Users\vegle\AppData\Roaming\Code\User\workspaceStorage\3db52b309fb3a7cc6d07e0af6c755c07\redhat.java         {manageable} {command line}
   size_t InitialHeapSize                          = 104857600                                 {product} {command line}
   size_t MaxHeapSize                              = 2147483648                                {product} {command line}
   size_t MaxNewSize                               = 715653120                                 {product} {ergonomic}
   size_t MinHeapDeltaBytes                        = 524288                                    {product} {ergonomic}
   size_t MinHeapSize                              = 104857600                                 {product} {command line}
   size_t NewSize                                  = 34603008                                  {product} {ergonomic}
    uintx NonNMethodCodeHeapSize                   = 5832780                                {pd product} {ergonomic}
    uintx NonProfiledCodeHeapSize                  = 122912730                              {pd product} {ergonomic}
   size_t OldSize                                  = 70254592                                  {product} {ergonomic}
    uintx ProfiledCodeHeapSize                     = 122912730                              {pd product} {ergonomic}
    uintx ReservedCodeCacheSize                    = 251658240                              {pd product} {ergonomic}
     bool SegmentedCodeCache                       = true                                      {product} {ergonomic}
   size_t SoftMaxHeapSize                          = 2147483648                             {manageable} {ergonomic}
     bool UseCompressedOops                        = true                           {product lp64_product} {ergonomic}
     bool UseLargePagesIndividualAllocation        = false                                  {pd product} {ergonomic}
     bool UseParallelGC                            = true                                      {product} {command line}

Logging:
Log output configuration:
 #0: stdout all=off uptime,level,tags foldmultilines=false
 #1: stderr all=off uptime,level,tags foldmultilines=false

Release file:
JAVA_VERSION="21.0.9" 
MODULES="java.base java.compiler java.datatransfer java.xml java.prefs java.desktop java.instrument java.logging java.management java.security.sasl java.naming java.rmi java.management.rmi java.net.http java.scripting java.security.jgss java.transaction.xa java.sql java.sql.rowset java.xml.crypto java.se java.smartcardio jdk.accessibility jdk.internal.jvmstat jdk.attach jdk.charsets jdk.internal.opt jdk.zipfs jdk.compiler jdk.crypto.ec jdk.crypto.cryptoki jdk.crypto.mscapi jdk.dynalink jdk.internal.ed jdk.editpad jdk.hotspot.agent jdk.httpserver jdk.internal.le jdk.internal.vm.ci jdk.internal.vm.compiler jdk.internal.vm.compiler.management jdk.jartool jdk.javadoc jdk.jcmd jdk.management jdk.management.agent jdk.jconsole jdk.jdeps jdk.jdwp.agent jdk.jdi jdk.jfr jdk.jshell jdk.jsobject jdk.jstatd jdk.localedata jdk.management.jfr jdk.naming.dns jdk.naming.rmi jdk.net jdk.nio.mapmode jdk.random jdk.sctp jdk.security.auth jdk.security.jgss jdk.unsupported jdk.unsupported.desktop jdk.xml.dom" 

Environment Variables:
PATH=C:\Program Files\Common Files\Oracle\Java\javapath;C:\Program Files (x86)\Common Files\Oracle\Java\java8path;C:\Program Files (x86)\Common Files\Oracle\Java\javapath;C:\WINDOWS\system32;C:\WINDOWS;C:\WINDOWS\System32\Wbem;C:\WINDOWS\System32\WindowsPowerShell\v1.0\;C:\WINDOWS\System32\OpenSSH\;C:\Program Files\HP\HP One Agent;C:\Program Files\Git\cmd;C:\Users\vegle\AppData\Local\Microsoft\WindowsApps;C:\Users\vegle\AppData\Local\Programs\Microsoft VS Code\bin
USERNAME=vegle
OS=Windows_NT
PROCESSOR_IDENTIFIER=AMD64 Family 23 Model 24 Stepping 1, AuthenticAMD
TMP=C:\Users\vegle\AppData\Local\Temp
TEMP=C:\Users\vegle\AppData\Local\Temp




Periodic native trim disabled

---------------  S Y S T E M  ---------------

OS:
 Windows 11 , 64 bit Build 22621 (10.0.22621.5415)
OS uptime: 0 days 2:31 hours
Hyper-V role detected

CPU: total 4 (initial active 4) (4 cores per cpu, 2 threads per core) family 23 model 24 stepping 1 microcode 0x0, cx8, cmov, fxsr, ht, mmx, 3dnowpref, sse, sse2, sse3, ssse3, sse4a, sse4.1, sse4.2, popcnt, lzcnt, tsc, tscinvbit, avx, avx2, aes, clmul, bmi1, bmi2, adx, sha, fma, vzeroupper, clflush, clflushopt, hv, rdtscp, f16c
Processor Information for the first 4 processors :
  Max Mhz: 2600, Current Mhz: 2600, Mhz Limit: 2600

Memory: 4k page, system-wide physical 3499M (230M free)
TotalPageFile size 14251M (AvailPageFile size 0M)
current process WorkingSet (physical memory assigned to process): 57M, peak: 249M
current process commit charge ("private bytes"): 338M, peak: 360M

vm_info: OpenJDK 64-Bit Server VM (21.0.9+10-LTS) for windows-amd64 JRE (21.0.9+10-LTS), built on 2025-10-21T00:00:00Z by "admin" with unknown MS VC++:1942

END.
